2025-06-06 02:19:58,569 - DroneBrain - INFO - Озвучивание: Система управления дроном запущена. Для активации скажите 'дрон'.
2025-06-06 02:19:58,569 - DroneBrain - INFO - Система запущена. Активируйте командой 'дрон'
2025-06-06 02:19:58,569 - DroneBrain - DEBUG - Начало прослушивания...
2025-06-06 02:20:09,126 - DroneBrain - INFO - Распознано: дрон как тебе дела
2025-06-06 02:20:09,126 - DroneBrain - INFO - Обработка: 'дрон как тебе дела'
2025-06-06 02:20:09,127 - DroneBrain - INFO - Система активирована: дрон как тебе дела
2025-06-06 02:20:09,127 - DroneBrain - DEBUG - Определен тип: activation
2025-06-06 02:20:09,127 - DroneBrain - DEBUG - Активация с командой
2025-06-06 02:20:11,341 - DroneBrain - INFO - Ответ: 'Не понял команду. Пожалуйста, уточните что сделать?'
2025-06-06 02:20:11,341 - DroneBrain - INFO - Озвучивание: Не понял команду. Пожалуйста, уточните что сделать?
2025-06-06 02:20:11,542 - DroneBrain - DEBUG - Начало прослушивания...
2025-06-06 02:20:21,073 - DroneBrain - INFO - Распознано: дрон я спрашиваю как твои дела
2025-06-06 02:20:21,073 - DroneBrain - INFO - Обработка: 'дрон я спрашиваю как твои дела'
2025-06-06 02:20:21,074 - DroneBrain - INFO - Система активирована: дрон я спрашиваю как твои дела
2025-06-06 02:20:21,074 - DroneBrain - DEBUG - Определен тип: activation
2025-06-06 02:20:21,074 - DroneBrain - DEBUG - Активация с командой
2025-06-06 02:20:21,371 - DroneBrain - INFO - Ответ: 'Не понял команду. Пожалуйста, уточните что сделать?'
2025-06-06 02:20:21,371 - DroneBrain - INFO - Озвучивание: Не понял команду. Пожалуйста, уточните что сделать?
2025-06-06 02:20:21,572 - DroneBrain - DEBUG - Начало прослушивания...
2025-06-06 02:20:37,316 - DroneBrain - DEBUG - Деактивация по таймауту
2025-06-06 02:20:37,316 - DroneBrain - INFO - Озвучивание: Перехожу в режим ожидания
2025-06-06 02:20:37,316 - DroneBrain - DEBUG - Начало прослушивания...
2025-06-06 02:20:52,548 - DroneBrain - DEBUG - Начало прослушивания...
2025-06-06 02:21:08,292 - DroneBrain - DEBUG - Начало прослушивания...
2025-06-06 02:21:24,079 - DroneBrain - DEBUG - Начало прослушивания...
2025-06-06 02:21:39,866 - DroneBrain - DEBUG - Начало прослушивания...
2025-06-06 02:21:55,608 - DroneBrain - DEBUG - Начало прослушивания...
2025-06-06 02:22:11,354 - DroneBrain - DEBUG - Начало прослушивания...
2025-06-06 02:22:15,933 - DroneBrain - INFO - Распознано: алло
2025-06-06 02:22:15,933 - DroneBrain - INFO - Обработка: 'алло'
2025-06-06 02:22:15,933 - DroneBrain - DEBUG - Определен тип: ignore
2025-06-06 02:22:15,934 - DroneBrain - DEBUG - Игнорируем ввод без активации
2025-06-06 02:22:16,134 - DroneBrain - DEBUG - Начало прослушивания...
2025-06-06 02:22:31,877 - DroneBrain - DEBUG - Начало прослушивания...
2025-06-06 02:22:47,620 - DroneBrain - DEBUG - Начало прослушивания...
2025-06-06 02:23:03,365 - DroneBrain - DEBUG - Начало прослушивания...
2025-06-06 02:23:19,110 - DroneBrain - DEBUG - Начало прослушивания...
2025-06-06 02:23:34,897 - DroneBrain - DEBUG - Начало прослушивания...
2025-06-06 02:23:50,639 - DroneBrain - DEBUG - Начало прослушивания...
2025-06-06 02:24:06,384 - DroneBrain - DEBUG - Начало прослушивания...
2025-06-06 02:24:22,128 - DroneBrain - DEBUG - Начало прослушивания...
2025-06-06 02:24:37,874 - DroneBrain - DEBUG - Начало прослушивания...
2025-06-06 02:24:53,618 - DroneBrain - DEBUG - Начало прослушивания...
2025-06-06 02:25:09,405 - DroneBrain - DEBUG - Начало прослушивания...
2025-06-06 02:25:25,192 - DroneBrain - DEBUG - Начало прослушивания...
2025-06-06 02:25:40,935 - DroneBrain - DEBUG - Начало прослушивания...
2025-06-06 02:25:56,681 - DroneBrain - DEBUG - Начало прослушивания...
2025-06-06 02:26:05,739 - DroneBrain - INFO - Распознано: спросить
2025-06-06 02:26:05,739 - DroneBrain - INFO - Обработка: 'спросить'
2025-06-06 02:26:05,739 - DroneBrain - DEBUG - Определен тип: ignore
2025-06-06 02:26:05,740 - DroneBrain - DEBUG - Игнорируем ввод без активации
2025-06-06 02:26:05,940 - DroneBrain - DEBUG - Начало прослушивания...
2025-06-06 02:26:21,684 - DroneBrain - DEBUG - Начало прослушивания...
2025-06-06 02:26:34,282 - DroneBrain - INFO - Распознано: согласен
2025-06-06 02:26:34,282 - DroneBrain - INFO - Обработка: 'согласен'
2025-06-06 02:26:34,282 - DroneBrain - DEBUG - Определен тип: ignore
2025-06-06 02:26:34,282 - DroneBrain - DEBUG - Игнорируем ввод без активации
2025-06-06 02:26:34,482 - DroneBrain - DEBUG - Начало прослушивания...
2025-06-06 02:26:44,566 - DroneBrain - INFO - Распознано: спасибо
2025-06-06 02:26:44,566 - DroneBrain - INFO - Обработка: 'спасибо'
2025-06-06 02:26:44,566 - DroneBrain - DEBUG - Определен тип: ignore
2025-06-06 02:26:44,566 - DroneBrain - DEBUG - Игнорируем ввод без активации
2025-06-06 02:26:44,767 - DroneBrain - DEBUG - Начало прослушивания...
2025-06-06 02:27:00,510 - DroneBrain - DEBUG - Начало прослушивания...
2025-06-06 02:27:15,543 - DroneBrain - INFO - Распознано: весьма
2025-06-06 02:27:15,543 - DroneBrain - INFO - Обработка: 'весьма'
2025-06-06 02:27:15,544 - DroneBrain - DEBUG - Определен тип: ignore
2025-06-06 02:27:15,544 - DroneBrain - DEBUG - Игнорируем ввод без активации
2025-06-06 02:27:15,745 - DroneBrain - DEBUG - Начало прослушивания...
2025-06-06 02:27:25,826 - DroneBrain - INFO - Распознано: что мне делать
2025-06-06 02:27:25,826 - DroneBrain - INFO - Обработка: 'что мне делать'
2025-06-06 02:27:25,827 - DroneBrain - DEBUG - Определен тип: ignore
2025-06-06 02:27:25,827 - DroneBrain - DEBUG - Игнорируем ввод без активации
2025-06-06 02:27:26,027 - DroneBrain - DEBUG - Начало прослушивания...
2025-06-06 02:27:31,586 - DroneBrain - INFO - Распознано: аманда
2025-06-06 02:27:31,587 - DroneBrain - INFO - Обработка: 'аманда'
2025-06-06 02:27:31,587 - DroneBrain - DEBUG - Определен тип: ignore
2025-06-06 02:27:31,587 - DroneBrain - DEBUG - Игнорируем ввод без активации
2025-06-06 02:27:31,788 - DroneBrain - DEBUG - Начало прослушивания...
2025-06-06 02:27:45,367 - DroneBrain - INFO - Распознано: кстати
2025-06-06 02:27:45,368 - DroneBrain - INFO - Обработка: 'кстати'
2025-06-06 02:27:45,368 - DroneBrain - DEBUG - Определен тип: ignore
2025-06-06 02:27:45,368 - DroneBrain - DEBUG - Игнорируем ввод без активации
2025-06-06 02:27:45,569 - DroneBrain - DEBUG - Начало прослушивания...
2025-06-06 02:28:01,312 - DroneBrain - DEBUG - Начало прослушивания...
2025-06-06 02:28:17,057 - DroneBrain - DEBUG - Начало прослушивания...
2025-06-06 02:28:32,800 - DroneBrain - DEBUG - Начало прослушивания...
2025-06-06 02:28:48,545 - DroneBrain - DEBUG - Начало прослушивания...
2025-06-06 02:29:04,287 - DroneBrain - DEBUG - Начало прослушивания...
2025-06-06 02:29:20,074 - DroneBrain - DEBUG - Начало прослушивания...
2025-06-06 02:29:35,820 - DroneBrain - DEBUG - Начало прослушивания...
2025-06-06 02:29:51,607 - DroneBrain - DEBUG - Начало прослушивания...
2025-06-06 02:30:07,394 - DroneBrain - DEBUG - Начало прослушивания...
2025-06-06 02:30:23,138 - DroneBrain - DEBUG - Начало прослушивания...
2025-06-06 02:30:38,925 - DroneBrain - DEBUG - Начало прослушивания...
2025-06-06 02:30:54,669 - DroneBrain - DEBUG - Начало прослушивания...
2025-06-06 02:31:10,414 - DroneBrain - DEBUG - Начало прослушивания...
2025-06-06 02:31:26,158 - DroneBrain - DEBUG - Начало прослушивания...
2025-06-06 02:31:41,902 - DroneBrain - DEBUG - Начало прослушивания...
2025-06-06 02:31:57,688 - DroneBrain - DEBUG - Начало прослушивания...
2025-06-06 02:32:13,475 - DroneBrain - DEBUG - Начало прослушивания...
2025-06-06 02:32:29,219 - DroneBrain - DEBUG - Начало прослушивания...
2025-06-06 02:32:44,963 - DroneBrain - DEBUG - Начало прослушивания...
2025-06-06 02:33:00,707 - DroneBrain - DEBUG - Начало прослушивания...
2025-06-06 02:33:16,451 - DroneBrain - DEBUG - Начало прослушивания...
2025-06-06 02:33:32,197 - DroneBrain - DEBUG - Начало прослушивания...
2025-06-06 02:33:47,940 - DroneBrain - DEBUG - Начало прослушивания...
2025-06-06 02:34:03,686 - DroneBrain - DEBUG - Начало прослушивания...
2025-06-06 02:34:19,431 - DroneBrain - DEBUG - Начало прослушивания...
2025-06-06 02:34:24,946 - DroneBrain - INFO - Распознано: остановись
2025-06-06 02:34:24,946 - DroneBrain - INFO - Обработка: 'остановись'
2025-06-06 02:34:24,946 - DroneBrain - DEBUG - Определен тип: ignore
2025-06-06 02:34:24,946 - DroneBrain - DEBUG - Игнорируем ввод без активации
2025-06-06 02:34:25,147 - DroneBrain - DEBUG - Начало прослушивания...
2025-06-06 02:34:29,172 - DroneBrain - INFO - Распознано: он остановись
2025-06-06 02:34:29,172 - DroneBrain - INFO - Обработка: 'он остановись'
2025-06-06 02:34:29,172 - DroneBrain - DEBUG - Определен тип: ignore
2025-06-06 02:34:29,173 - DroneBrain - DEBUG - Игнорируем ввод без активации
2025-06-06 02:34:29,373 - DroneBrain - DEBUG - Начало прослушивания...
2025-06-06 02:34:32,927 - DroneBrain - INFO - Распознано: он остановись
2025-06-06 02:34:32,927 - DroneBrain - INFO - Обработка: 'он остановись'
2025-06-06 02:34:32,927 - DroneBrain - DEBUG - Определен тип: ignore
2025-06-06 02:34:32,927 - DroneBrain - DEBUG - Игнорируем ввод без активации
2025-06-06 02:34:33,128 - DroneBrain - DEBUG - Начало прослушивания...
2025-06-06 02:34:37,705 - DroneBrain - INFO - Распознано: трон остановись
2025-06-06 02:34:37,706 - DroneBrain - INFO - Обработка: 'трон остановись'
2025-06-06 02:34:37,706 - DroneBrain - DEBUG - Определен тип: ignore
2025-06-06 02:34:37,706 - DroneBrain - DEBUG - Игнорируем ввод без активации
2025-06-06 02:34:37,907 - DroneBrain - DEBUG - Начало прослушивания...
2025-06-06 02:34:45,001 - DroneBrain - INFO - Распознано: робот остановись
2025-06-06 02:34:45,002 - DroneBrain - INFO - Обработка: 'робот остановись'
2025-06-06 02:34:45,002 - DroneBrain - DEBUG - Определен тип: ignore
2025-06-06 02:34:45,002 - DroneBrain - DEBUG - Игнорируем ввод без активации
2025-06-06 02:34:45,203 - DroneBrain - DEBUG - Начало прослушивания...
2025-06-06 02:34:48,287 - DroneBrain - INFO - Распознано: дрон остановись
2025-06-06 02:34:48,287 - DroneBrain - INFO - Обработка: 'дрон остановись'
2025-06-06 02:34:48,288 - DroneBrain - INFO - Система активирована: дрон остановись
2025-06-06 02:34:48,288 - DroneBrain - DEBUG - Определен тип: activation
2025-06-06 02:34:48,288 - DroneBrain - DEBUG - Активация с командой
2025-06-06 02:34:50,505 - DroneBrain - INFO - Ответ: 'Выполняю посадку'
2025-06-06 02:34:50,506 - DroneBrain - INFO - Озвучивание: Выполняю посадку
2025-06-06 02:34:50,706 - DroneBrain - DEBUG - Начало прослушивания...
2025-06-06 02:35:03,732 - DroneBrain - INFO - Распознано: дров где думаю тебе пора остановиться
2025-06-06 02:35:03,733 - DroneBrain - INFO - Обработка: 'дров где думаю тебе пора остановиться'
2025-06-06 02:35:03,733 - DroneBrain - DEBUG - Определен тип: chat
2025-06-06 02:35:03,995 - DroneBrain - INFO - Ответ: 'Дров, я могу продолжить полет только в определенных условиях.'
2025-06-06 02:35:03,995 - DroneBrain - INFO - Озвучивание: Дров, я могу продолжить полет только в определенных условиях.
2025-06-06 02:35:04,195 - DroneBrain - DEBUG - Начало прослушивания...
2025-06-06 02:35:07,743 - DroneBrain - INFO - Распознано: я могу
2025-06-06 02:35:07,743 - DroneBrain - INFO - Обработка: 'я могу'
2025-06-06 02:35:07,744 - DroneBrain - DEBUG - Определен тип: chat
2025-06-06 02:35:08,184 - DroneBrain - INFO - Ответ: 'Я могу продолжить полет только при благоприятных погодных условиях и на расстоянии 5 километров от тебя.'
2025-06-06 02:35:08,184 - DroneBrain - INFO - Озвучивание: Я могу продолжить полет только при благоприятных погодных условиях и на расстоянии 5 километров от тебя.
2025-06-06 02:35:08,384 - DroneBrain - DEBUG - Начало прослушивания...
2025-06-06 02:35:21,909 - DroneBrain - INFO - Распознано: дрон я думаю тебе лучше остановиться
2025-06-06 02:35:21,909 - DroneBrain - INFO - Обработка: 'дрон я думаю тебе лучше остановиться'
2025-06-06 02:35:21,909 - DroneBrain - INFO - Система активирована: дрон я думаю тебе лучше остановиться
2025-06-06 02:35:21,910 - DroneBrain - DEBUG - Определен тип: activation
2025-06-06 02:35:21,910 - DroneBrain - DEBUG - Активация с командой
2025-06-06 02:35:22,402 - DroneBrain - INFO - Ответ: 'Выполняю посадку'
2025-06-06 02:35:22,402 - DroneBrain - INFO - Озвучивание: Выполняю посадку
2025-06-06 02:35:22,603 - DroneBrain - DEBUG - Начало прослушивания...
2025-06-06 02:36:03,183 - DroneBrain - INFO - Озвучивание: Система управления дроном запущена. Для активации скажите 'дрон'.
2025-06-06 02:36:03,184 - DroneBrain - INFO - Система запущена. Активируйте командой 'дрон'
2025-06-06 02:36:03,193 - DroneBrain - DEBUG - Начало прослушивания...
2025-06-06 02:36:14,218 - DroneBrain - INFO - Распознано: дрон взлетая на пять метров вверх
2025-06-06 02:36:14,218 - DroneBrain - INFO - Обработка: 'дрон взлетая на пять метров вверх'
2025-06-06 02:36:14,218 - DroneBrain - INFO - Система активирована: дрон взлетая на пять метров вверх
2025-06-06 02:36:14,218 - DroneBrain - DEBUG - Определен тип: activation
2025-06-06 02:36:14,218 - DroneBrain - DEBUG - Активация с командой
2025-06-06 02:36:14,607 - DroneBrain - INFO - Ответ: 'Взлетаю на 5 метра'
2025-06-06 02:36:14,607 - DroneBrain - INFO - Озвучивание: Взлетаю на 5 метра
2025-06-06 02:36:14,808 - DroneBrain - DEBUG - Начало прослушивания...
2025-06-06 02:36:21,856 - DroneBrain - INFO - Распознано: дрон поверни на пять метров
2025-06-06 02:36:21,857 - DroneBrain - INFO - Обработка: 'дрон поверни на пять метров'
2025-06-06 02:36:21,857 - DroneBrain - INFO - Система активирована: дрон поверни на пять метров
2025-06-06 02:36:21,858 - DroneBrain - DEBUG - Определен тип: activation
2025-06-06 02:36:21,858 - DroneBrain - DEBUG - Активация с командой
2025-06-06 02:36:22,170 - DroneBrain - INFO - Ответ: 'Поворачиваю на 5 градусов'
2025-06-06 02:36:22,170 - DroneBrain - INFO - Озвучивание: Поворачиваю на 5 градусов
2025-06-06 02:36:22,370 - DroneBrain - DEBUG - Начало прослушивания...
2025-06-06 02:36:28,897 - DroneBrain - INFO - Распознано: дрон остановись
2025-06-06 02:36:28,897 - DroneBrain - INFO - Обработка: 'дрон остановись'
2025-06-06 02:36:28,898 - DroneBrain - INFO - Система активирована: дрон остановись
2025-06-06 02:36:28,898 - DroneBrain - DEBUG - Определен тип: activation
2025-06-06 02:36:28,898 - DroneBrain - DEBUG - Активация с командой
2025-06-06 02:36:29,156 - DroneBrain - INFO - Ответ: 'Выполняю посадку'
2025-06-06 02:36:29,156 - DroneBrain - INFO - Озвучивание: Выполняю посадку
2025-06-06 02:36:29,357 - DroneBrain - DEBUG - Начало прослушивания...
2025-06-06 02:36:37,430 - DroneBrain - INFO - Распознано: дрон ты должен меня слушаться
2025-06-06 02:36:37,431 - DroneBrain - INFO - Обработка: 'дрон ты должен меня слушаться'
2025-06-06 02:36:37,431 - DroneBrain - INFO - Система активирована: дрон ты должен меня слушаться
2025-06-06 02:36:37,431 - DroneBrain - DEBUG - Определен тип: activation
2025-06-06 02:36:37,431 - DroneBrain - DEBUG - Активация с командой
2025-06-06 02:36:37,715 - DroneBrain - INFO - Ответ: 'Не понял команду. Пожалуйста, уточните что сделать?'
2025-06-06 02:36:37,715 - DroneBrain - INFO - Озвучивание: Не понял команду. Пожалуйста, уточните что сделать?
2025-06-06 02:36:37,915 - DroneBrain - DEBUG - Начало прослушивания...
2025-06-06 02:36:39,903 - DroneBrain - INFO - Распознано: не понял
2025-06-06 02:36:39,903 - DroneBrain - INFO - Обработка: 'не понял'
2025-06-06 02:36:39,903 - DroneBrain - DEBUG - Определен тип: chat
2025-06-06 02:36:40,248 - DroneBrain - INFO - Ответ: 'Я голосовой ассистент дрона, помогаю вам с вопросами и задачами.'
2025-06-06 02:36:40,248 - DroneBrain - INFO - Озвучивание: Я голосовой ассистент дрона, помогаю вам с вопросами и задачами.
2025-06-06 02:36:40,449 - DroneBrain - DEBUG - Начало прослушивания...
2025-06-06 02:36:56,191 - DroneBrain - DEBUG - Деактивация по таймауту
2025-06-06 02:36:56,191 - DroneBrain - INFO - Озвучивание: Перехожу в режим ожидания
2025-06-06 02:36:56,192 - DroneBrain - DEBUG - Начало прослушивания...
2025-06-06 02:37:02,775 - DroneBrain - INFO - Распознано: дрон подымайся
2025-06-06 02:37:02,775 - DroneBrain - INFO - Обработка: 'дрон подымайся'
2025-06-06 02:37:02,775 - DroneBrain - INFO - Система активирована: дрон подымайся
2025-06-06 02:37:02,776 - DroneBrain - DEBUG - Определен тип: activation
2025-06-06 02:37:02,776 - DroneBrain - DEBUG - Активация с командой
2025-06-06 02:37:03,382 - DroneBrain - INFO - Ответ: 'Взлетаю на 2 метра'
2025-06-06 02:37:03,382 - DroneBrain - INFO - Озвучивание: Взлетаю на 2 метра
2025-06-06 02:37:03,583 - DroneBrain - DEBUG - Начало прослушивания...
2025-06-06 02:37:11,138 - DroneBrain - INFO - Распознано: дрон взлетая на семь метров
2025-06-06 02:37:11,138 - DroneBrain - INFO - Обработка: 'дрон взлетая на семь метров'
2025-06-06 02:37:11,138 - DroneBrain - INFO - Система активирована: дрон взлетая на семь метров
2025-06-06 02:37:11,139 - DroneBrain - DEBUG - Определен тип: activation
2025-06-06 02:37:11,139 - DroneBrain - DEBUG - Активация с командой
2025-06-06 02:37:11,492 - DroneBrain - INFO - Ответ: 'Взлетаю на 7 метра'
2025-06-06 02:37:11,492 - DroneBrain - INFO - Озвучивание: Взлетаю на 7 метра
2025-06-06 02:37:11,693 - DroneBrain - DEBUG - Начало прослушивания...
2025-06-06 02:37:27,464 - DroneBrain - DEBUG - Деактивация по таймауту
2025-06-06 02:37:27,464 - DroneBrain - INFO - Озвучивание: Перехожу в режим ожидания
2025-06-06 02:37:27,465 - DroneBrain - DEBUG - Начало прослушивания...
2025-06-06 02:37:43,253 - DroneBrain - DEBUG - Начало прослушивания...
2025-06-06 02:37:58,995 - DroneBrain - DEBUG - Начало прослушивания...
2025-06-06 02:38:14,739 - DroneBrain - DEBUG - Начало прослушивания...
2025-06-06 02:38:30,485 - DroneBrain - DEBUG - Начало прослушивания...
2025-06-06 02:38:46,271 - DroneBrain - DEBUG - Начало прослушивания...
2025-06-06 02:39:02,016 - DroneBrain - DEBUG - Начало прослушивания...
2025-06-06 02:39:12,099 - DroneBrain - INFO - Распознано: зависнет
2025-06-06 02:39:12,100 - DroneBrain - INFO - Обработка: 'зависнет'
2025-06-06 02:39:12,100 - DroneBrain - DEBUG - Определен тип: ignore
2025-06-06 02:39:12,100 - DroneBrain - DEBUG - Игнорируем ввод без активации
2025-06-06 02:39:12,301 - DroneBrain - DEBUG - Начало прослушивания...
2025-06-06 02:39:17,347 - DroneBrain - INFO - Распознано: дрон остановись воздухе
2025-06-06 02:39:17,348 - DroneBrain - INFO - Обработка: 'дрон остановись воздухе'
2025-06-06 02:39:17,348 - DroneBrain - INFO - Система активирована: дрон остановись воздухе
2025-06-06 02:39:17,348 - DroneBrain - DEBUG - Определен тип: activation
2025-06-06 02:39:17,349 - DroneBrain - DEBUG - Активация с командой
2025-06-06 02:39:18,602 - DroneBrain - INFO - Ответ: 'Не понял команду. Пожалуйста, уточните что сделать?'
2025-06-06 02:39:18,602 - DroneBrain - INFO - Озвучивание: Не понял команду. Пожалуйста, уточните что сделать?
2025-06-06 02:39:18,803 - DroneBrain - DEBUG - Начало прослушивания...
2025-06-06 02:39:20,803 - DroneBrain - INFO - Распознано: не понял
2025-06-06 02:39:20,804 - DroneBrain - INFO - Обработка: 'не понял'
2025-06-06 02:39:20,804 - DroneBrain - DEBUG - Определен тип: chat
2025-06-06 02:39:21,230 - DroneBrain - INFO - Ответ: 'Я drone-ассистент, помогаю вам с вопросами и задачами. Как я могу вам помочь?'
2025-06-06 02:39:21,230 - DroneBrain - INFO - Озвучивание: Я drone-ассистент, помогаю вам с вопросами и задачами. Как я могу вам помочь?
2025-06-06 02:39:21,430 - DroneBrain - DEBUG - Начало прослушивания...
2025-06-06 02:39:36,463 - DroneBrain - INFO - Распознано: дрон зависая в воздухе
2025-06-06 02:39:36,464 - DroneBrain - INFO - Обработка: 'дрон зависая в воздухе'
2025-06-06 02:39:36,464 - DroneBrain - INFO - Система активирована: дрон зависая в воздухе
2025-06-06 02:39:36,464 - DroneBrain - DEBUG - Определен тип: activation
2025-06-06 02:39:36,464 - DroneBrain - DEBUG - Активация с командой
2025-06-06 02:39:36,904 - DroneBrain - INFO - Ответ: 'Зависаю на 10 секунд'
2025-06-06 02:39:36,904 - DroneBrain - INFO - Озвучивание: Зависаю на 10 секунд
2025-06-06 02:39:37,105 - DroneBrain - DEBUG - Начало прослушивания...
2025-06-06 02:39:47,549 - DroneBrain - INFO - Озвучивание: Система управления дроном запущена. Для активации скажите 'дрон'.
2025-06-06 02:39:47,549 - DroneBrain - INFO - Система запущена. Активируйте командой 'дрон'
2025-06-06 02:39:47,558 - DroneBrain - DEBUG - Начало прослушивания...
2025-06-06 02:39:50,585 - DroneBrain - INFO - Распознано: система
2025-06-06 02:39:50,585 - DroneBrain - INFO - Обработка: 'система'
2025-06-06 02:39:50,586 - DroneBrain - DEBUG - Определен тип: ignore
2025-06-06 02:39:50,586 - DroneBrain - DEBUG - Игнорируем ввод без активации
2025-06-06 02:39:50,786 - DroneBrain - DEBUG - Начало прослушивания...
2025-06-06 02:39:58,351 - DroneBrain - INFO - Распознано: зависая и пять минут
2025-06-06 02:39:58,351 - DroneBrain - INFO - Обработка: 'зависая и пять минут'
2025-06-06 02:39:58,352 - DroneBrain - DEBUG - Определен тип: ignore
2025-06-06 02:39:58,352 - DroneBrain - DEBUG - Игнорируем ввод без активации
2025-06-06 02:39:58,552 - DroneBrain - DEBUG - Начало прослушивания...
2025-06-06 02:40:02,617 - DroneBrain - INFO - Распознано: дрон зависая пять минут
2025-06-06 02:40:02,618 - DroneBrain - INFO - Обработка: 'дрон зависая пять минут'
2025-06-06 02:40:02,618 - DroneBrain - INFO - Система активирована: дрон зависая пять минут
2025-06-06 02:40:02,618 - DroneBrain - DEBUG - Определен тип: activation
2025-06-06 02:40:02,618 - DroneBrain - DEBUG - Активация с командой
2025-06-06 02:40:03,039 - DroneBrain - INFO - Ответ: 'Зависаю на 5 секунд'
2025-06-06 02:40:03,039 - DroneBrain - INFO - Озвучивание: Зависаю на 5 секунд
2025-06-06 02:40:03,240 - DroneBrain - DEBUG - Начало прослушивания...
2025-06-06 02:40:11,791 - DroneBrain - INFO - Распознано: браун савина на шестьдесят секунд
2025-06-06 02:40:11,791 - DroneBrain - INFO - Обработка: 'браун савина на шестьдесят секунд'
2025-06-06 02:40:11,792 - DroneBrain - DEBUG - Определен тип: chat
2025-06-06 02:40:12,108 - DroneBrain - INFO - Ответ: 'Браун Савина - это американский рэппер и продюсер.'
2025-06-06 02:40:12,108 - DroneBrain - INFO - Озвучивание: Браун Савина - это американский рэппер и продюсер.
2025-06-06 02:40:12,308 - DroneBrain - DEBUG - Начало прослушивания...
2025-06-06 02:40:28,034 - DroneBrain - DEBUG - Деактивация по таймауту
2025-06-06 02:40:28,034 - DroneBrain - INFO - Озвучивание: Перехожу в режим ожидания
2025-06-06 02:40:28,035 - DroneBrain - DEBUG - Начало прослушивания...
2025-06-06 02:40:29,626 - DroneBrain - INFO - Распознано: дрон зависая на шестьдесят секунд
2025-06-06 02:40:29,626 - DroneBrain - INFO - Обработка: 'дрон зависая на шестьдесят секунд'
2025-06-06 02:40:29,626 - DroneBrain - INFO - Система активирована: дрон зависая на шестьдесят секунд
2025-06-06 02:40:29,627 - DroneBrain - DEBUG - Определен тип: activation
2025-06-06 02:40:29,627 - DroneBrain - DEBUG - Активация с командой
2025-06-06 02:40:30,133 - DroneBrain - INFO - Ответ: 'Зависаю на 6 секунд'
2025-06-06 02:40:30,133 - DroneBrain - INFO - Озвучивание: Зависаю на 6 секунд
2025-06-06 02:40:30,333 - DroneBrain - DEBUG - Начало прослушивания...
2025-06-06 02:40:46,082 - DroneBrain - DEBUG - Деактивация по таймауту
2025-06-06 02:40:46,083 - DroneBrain - INFO - Озвучивание: Перехожу в режим ожидания
2025-06-06 02:40:46,083 - DroneBrain - DEBUG - Начало прослушивания...
2025-06-06 02:41:01,869 - DroneBrain - DEBUG - Начало прослушивания...
2025-06-06 02:41:17,614 - DroneBrain - DEBUG - Начало прослушивания...
2025-06-06 02:41:33,400 - DroneBrain - DEBUG - Начало прослушивания...
2025-06-06 02:41:49,186 - DroneBrain - DEBUG - Начало прослушивания...
2025-06-06 02:42:04,931 - DroneBrain - DEBUG - Начало прослушивания...
2025-06-06 02:42:20,674 - DroneBrain - DEBUG - Начало прослушивания...
2025-06-06 02:42:21,399 - DroneBrain - DEBUG - Начало прослушивания...
2025-06-06 02:42:22,105 - DroneBrain - WARNING - Получен сигнал прерывания
2025-06-06 02:42:22,105 - DroneBrain - INFO - Озвучивание: Система управления завершает работу.
2025-06-06 02:42:22,106 - DroneBrain - INFO - Система остановлена
2025-06-06 02:42:25,305 - DroneBrain - INFO - Озвучивание: Система управления дроном запущена. Для активации скажите 'дрон'.
2025-06-06 02:42:25,306 - DroneBrain - INFO - Система запущена. Активируйте командой 'дрон'
2025-06-06 02:42:25,306 - DroneBrain - DEBUG - Начало прослушивания...
2025-06-06 02:42:34,812 - DroneBrain - INFO - Распознано: дрон подымается вверх
2025-06-06 02:42:34,813 - DroneBrain - INFO - Обработка: 'дрон подымается вверх'
2025-06-06 02:42:34,813 - DroneBrain - INFO - Система активирована: дрон подымается вверх
2025-06-06 02:42:34,813 - DroneBrain - DEBUG - Определен тип: activation
2025-06-06 02:42:34,814 - DroneBrain - DEBUG - Активация с командой
2025-06-06 02:42:35,195 - DroneBrain - CRITICAL - Критическая ошибка: local variable 'distance_str' referenced before assignment
2025-06-06 02:42:35,195 - DroneBrain - INFO - Озвучивание: Система управления завершает работу.
2025-06-06 02:42:35,196 - DroneBrain - INFO - Система остановлена
2025-06-06 02:46:19,828 - DroneBrain - INFO - Озвучивание: Система управления дроном запущена. Для активации скажите 'дрон'.
2025-06-06 02:46:19,828 - DroneBrain - INFO - Система запущена. Активируйте командой 'дрон'
2025-06-06 02:46:19,838 - DroneBrain - DEBUG - Начало прослушивания...
2025-06-06 02:46:28,843 - DroneBrain - INFO - Распознано: драл взлетая вверх
2025-06-06 02:46:28,843 - DroneBrain - INFO - Обработка: 'драл взлетая вверх'
2025-06-06 02:46:28,843 - DroneBrain - DEBUG - Определен тип: ignore
2025-06-06 02:46:28,844 - DroneBrain - DEBUG - Игнорируем ввод без активации
2025-06-06 02:46:29,044 - DroneBrain - DEBUG - Начало прослушивания...
2025-06-06 02:46:34,560 - DroneBrain - INFO - Распознано: дрона взлетая вверх
2025-06-06 02:46:34,561 - DroneBrain - INFO - Обработка: 'дрона взлетая вверх'
2025-06-06 02:46:34,561 - DroneBrain - DEBUG - Определен тип: ignore
2025-06-06 02:46:34,561 - DroneBrain - DEBUG - Игнорируем ввод без активации
2025-06-06 02:46:34,762 - DroneBrain - DEBUG - Начало прослушивания...
2025-06-06 02:46:40,832 - DroneBrain - INFO - Распознано: дрон взлетая вверх
2025-06-06 02:46:40,832 - DroneBrain - INFO - Обработка: 'дрон взлетая вверх'
2025-06-06 02:46:40,833 - DroneBrain - INFO - Система активирована: дрон взлетая вверх
2025-06-06 02:46:40,833 - DroneBrain - DEBUG - Определен тип: activation
2025-06-06 02:46:40,833 - DroneBrain - DEBUG - Активация с командой
2025-06-06 02:46:41,205 - DroneBrain - INFO - Ответ: 'Взлетаю на 2 метра'
2025-06-06 02:46:41,205 - DroneBrain - INFO - Озвучивание: Взлетаю на 2 метра
2025-06-06 02:46:41,406 - DroneBrain - DEBUG - Начало прослушивания...
2025-06-06 02:46:44,416 - DroneBrain - INFO - Распознано: ага
2025-06-06 02:46:44,417 - DroneBrain - INFO - Обработка: 'ага'
2025-06-06 02:46:44,417 - DroneBrain - DEBUG - Определен тип: chat
2025-06-06 02:46:44,572 - DroneBrain - INFO - Ответ: 'Как могу помочь вам?'
2025-06-06 02:46:44,573 - DroneBrain - INFO - Озвучивание: Как могу помочь вам?
2025-06-06 02:46:44,773 - DroneBrain - DEBUG - Начало прослушивания...
2025-06-06 02:46:49,323 - DroneBrain - INFO - Распознано: никак
2025-06-06 02:46:49,324 - DroneBrain - INFO - Обработка: 'никак'
2025-06-06 02:46:49,324 - DroneBrain - DEBUG - Определен тип: chat
2025-06-06 02:46:49,607 - DroneBrain - INFO - Ответ: 'Если вы хотите, мы можем играть в игру или посмотреть видео.'
2025-06-06 02:46:49,607 - DroneBrain - INFO - Озвучивание: Если вы хотите, мы можем играть в игру или посмотреть видео.
2025-06-06 02:46:49,807 - DroneBrain - DEBUG - Начало прослушивания...
2025-06-06 02:46:56,833 - DroneBrain - INFO - Распознано: никакой
2025-06-06 02:46:56,833 - DroneBrain - INFO - Обработка: 'никакой'
2025-06-06 02:46:56,834 - DroneBrain - DEBUG - Определен тип: chat
2025-06-06 02:46:57,011 - DroneBrain - INFO - Ответ: 'Могу вам помочь с чем-то?'
2025-06-06 02:46:57,011 - DroneBrain - INFO - Озвучивание: Могу вам помочь с чем-то?
2025-06-06 02:46:57,212 - DroneBrain - DEBUG - Начало прослушивания...
2025-06-06 02:47:01,227 - DroneBrain - INFO - Распознано: не надо
2025-06-06 02:47:01,228 - DroneBrain - INFO - Обработка: 'не надо'
2025-06-06 02:47:01,228 - DroneBrain - DEBUG - Определен тип: chat
2025-06-06 02:47:01,447 - DroneBrain - INFO - Ответ: 'Можно и нет - все зависит от вас!'
2025-06-06 02:47:01,447 - DroneBrain - INFO - Озвучивание: Можно и нет - все зависит от вас!
2025-06-06 02:47:01,647 - DroneBrain - DEBUG - Начало прослушивания...
2025-06-06 02:47:08,183 - DroneBrain - INFO - Распознано: конечно
2025-06-06 02:47:08,183 - DroneBrain - INFO - Обработка: 'конечно'
2025-06-06 02:47:08,184 - DroneBrain - DEBUG - Определен тип: chat
2025-06-06 02:47:08,483 - DroneBrain - INFO - Ответ: 'Отлично! Теперь мы можем начать! Как я могу вам помочь?'
2025-06-06 02:47:08,483 - DroneBrain - INFO - Озвучивание: Отлично! Теперь мы можем начать! Как я могу вам помочь?
2025-06-06 02:47:08,683 - DroneBrain - DEBUG - Начало прослушивания...
2025-06-06 02:47:13,729 - DroneBrain - INFO - Распознано: мы можем начать
2025-06-06 02:47:13,730 - DroneBrain - INFO - Обработка: 'мы можем начать'
2025-06-06 02:47:13,730 - DroneBrain - DEBUG - Определен тип: chat
2025-06-06 02:47:14,134 - DroneBrain - INFO - Ответ: 'Могу предоставить информацию, помочь с задачами или просто разговаривать. Как я могу вам помочь?'
2025-06-06 02:47:14,134 - DroneBrain - INFO - Озвучивание: Могу предоставить информацию, помочь с задачами или просто разговаривать. Как я могу вам помочь?
2025-06-06 02:47:14,334 - DroneBrain - DEBUG - Начало прослушивания...
2025-06-06 02:47:28,833 - DroneBrain - INFO - Распознано: дрон пожалуйста помоги мне
2025-06-06 02:47:28,834 - DroneBrain - INFO - Обработка: 'дрон пожалуйста помоги мне'
2025-06-06 02:47:28,834 - DroneBrain - INFO - Система активирована: дрон пожалуйста помоги мне
2025-06-06 02:47:28,835 - DroneBrain - DEBUG - Определен тип: activation
2025-06-06 02:47:28,835 - DroneBrain - DEBUG - Активация с командой
2025-06-06 02:47:29,264 - DroneBrain - INFO - Ответ: 'Не понял команду. Пожалуйста, уточните что сделать?'
2025-06-06 02:47:29,264 - DroneBrain - INFO - Озвучивание: Не понял команду. Пожалуйста, уточните что сделать?
2025-06-06 02:47:29,465 - DroneBrain - DEBUG - Начало прослушивания...
2025-06-06 02:47:36,514 - DroneBrain - INFO - Распознано: ничего
2025-06-06 02:47:36,515 - DroneBrain - INFO - Обработка: 'ничего'
2025-06-06 02:47:36,515 - DroneBrain - DEBUG - Определен тип: chat
2025-06-06 02:47:36,957 - DroneBrain - INFO - Ответ: 'Мы можем начать с того, что я покажу вам интересные факты или мы можем играть в игру.'
2025-06-06 02:47:36,958 - DroneBrain - INFO - Озвучивание: Мы можем начать с того, что я покажу вам интересные факты или мы можем играть в игру.
2025-06-06 02:47:37,158 - DroneBrain - DEBUG - Начало прослушивания...
2025-06-06 02:47:47,180 - DroneBrain - INFO - Распознано: мне не нужна
2025-06-06 02:47:47,181 - DroneBrain - INFO - Обработка: 'мне не нужна'
2025-06-06 02:47:47,181 - DroneBrain - DEBUG - Определен тип: chat
2025-06-06 02:47:47,688 - DroneBrain - INFO - Ответ: 'Окей, если вы не хотите играть или узнать факты, мы можем просто разговорить о чем-то. Как сегодня было?'
2025-06-06 02:47:47,688 - DroneBrain - INFO - Озвучивание: Окей, если вы не хотите играть или узнать факты, мы можем просто разговорить о чем-то. Как сегодня было?
2025-06-06 02:47:47,889 - DroneBrain - DEBUG - Начало прослушивания...
2025-06-06 02:48:01,431 - DroneBrain - INFO - Распознано: нормально
2025-06-06 02:48:01,432 - DroneBrain - INFO - Обработка: 'нормально'
2025-06-06 02:48:01,432 - DroneBrain - DEBUG - Определен тип: chat
2025-06-06 02:48:01,797 - DroneBrain - INFO - Ответ: 'Сегодня я работаю нормально, помогают мне обновлять информацию и улучшать наш разговор.'
2025-06-06 02:48:01,797 - DroneBrain - INFO - Озвучивание: Сегодня я работаю нормально, помогают мне обновлять информацию и улучшать наш разговор.
2025-06-06 02:48:01,998 - DroneBrain - DEBUG - Начало прослушивания...
2025-06-06 02:48:04,503 - DroneBrain - INFO - Распознано: сегодня
2025-06-06 02:48:04,503 - DroneBrain - INFO - Обработка: 'сегодня'
2025-06-06 02:48:04,504 - DroneBrain - DEBUG - Определен тип: chat
2025-06-06 02:48:04,844 - DroneBrain - INFO - Ответ: 'Время сейчас 10:34.'
2025-06-06 02:48:04,844 - DroneBrain - INFO - Озвучивание: Время сейчас 10:34.
2025-06-06 02:48:05,045 - DroneBrain - DEBUG - Начало прослушивания...
2025-06-06 02:48:07,574 - DroneBrain - INFO - Распознано: время сейчас
2025-06-06 02:48:07,574 - DroneBrain - INFO - Обработка: 'время сейчас'
2025-06-06 02:48:07,574 - DroneBrain - DEBUG - Определен тип: chat
2025-06-06 02:48:07,730 - DroneBrain - INFO - Ответ: 'Время сейчас 12:00.'
2025-06-06 02:48:07,730 - DroneBrain - INFO - Озвучивание: Время сейчас 12:00.
2025-06-06 02:48:07,930 - DroneBrain - DEBUG - Начало прослушивания...
2025-06-06 02:48:15,496 - DroneBrain - INFO - Озвучивание: Система управления дроном запущена. Для активации скажите 'дрон'.
2025-06-06 02:48:15,496 - DroneBrain - INFO - Система запущена. Активируйте командой 'дрон'
2025-06-06 02:48:15,496 - DroneBrain - DEBUG - Начало прослушивания...
2025-06-06 02:48:25,026 - DroneBrain - INFO - Распознано: зачем
2025-06-06 02:48:25,026 - DroneBrain - INFO - Обработка: 'зачем'
2025-06-06 02:48:25,027 - DroneBrain - DEBUG - Определен тип: ignore
2025-06-06 02:48:25,027 - DroneBrain - DEBUG - Игнорируем ввод без активации
2025-06-06 02:48:25,228 - DroneBrain - DEBUG - Начало прослушивания...
2025-06-06 02:48:30,744 - DroneBrain - INFO - Распознано: зачем не
2025-06-06 02:48:30,745 - DroneBrain - INFO - Обработка: 'зачем не'
2025-06-06 02:48:30,745 - DroneBrain - DEBUG - Определен тип: ignore
2025-06-06 02:48:30,745 - DroneBrain - DEBUG - Игнорируем ввод без активации
2025-06-06 02:48:30,946 - DroneBrain - DEBUG - Начало прослушивания...
2025-06-06 02:48:34,539 - DroneBrain - INFO - Распознано: дрон
2025-06-06 02:48:34,539 - DroneBrain - INFO - Обработка: 'дрон'
2025-06-06 02:48:34,539 - DroneBrain - INFO - Система активирована: дрон
2025-06-06 02:48:34,539 - DroneBrain - DEBUG - Определен тип: pure_activation
2025-06-06 02:48:34,539 - DroneBrain - DEBUG - Чистая активация системы
2025-06-06 02:48:34,539 - DroneBrain - INFO - Озвучивание: Слушаю вас
2025-06-06 02:48:34,740 - DroneBrain - DEBUG - Начало прослушивания...
2025-06-06 02:48:39,320 - DroneBrain - INFO - Распознано: как дела
2025-06-06 02:48:39,320 - DroneBrain - INFO - Обработка: 'как дела'
2025-06-06 02:48:39,321 - DroneBrain - DEBUG - Определен тип: chat
2025-06-06 02:48:39,562 - DroneBrain - INFO - Ответ: 'Дела хорошо, все работает правильно. Как у вас?'
2025-06-06 02:48:39,562 - DroneBrain - INFO - Озвучивание: Дела хорошо, все работает правильно. Как у вас?
2025-06-06 02:48:39,763 - DroneBrain - DEBUG - Начало прослушивания...
2025-06-06 02:48:46,787 - DroneBrain - INFO - Распознано: тоже нормально
2025-06-06 02:48:46,787 - DroneBrain - INFO - Обработка: 'тоже нормально'
2025-06-06 02:48:46,788 - DroneBrain - DEBUG - Определен тип: chat
2025-06-06 02:48:47,025 - DroneBrain - INFO - Ответ: 'У меня все работает нормально, ни одного ошибки нет.'
2025-06-06 02:48:47,025 - DroneBrain - INFO - Озвучивание: У меня все работает нормально, ни одного ошибки нет.
2025-06-06 02:48:47,225 - DroneBrain - DEBUG - Начало прослушивания...
2025-06-06 02:48:56,214 - DroneBrain - INFO - Распознано: взлетая вверх
2025-06-06 02:48:56,214 - DroneBrain - INFO - Обработка: 'взлетая вверх'
2025-06-06 02:48:56,214 - DroneBrain - DEBUG - Определен тип: command
2025-06-06 02:48:56,722 - DroneBrain - INFO - Ответ: 'Взлетаю на 2 метра'
2025-06-06 02:48:56,722 - DroneBrain - INFO - Озвучивание: Взлетаю на 2 метра
2025-06-06 02:48:56,922 - DroneBrain - DEBUG - Начало прослушивания...
2025-06-06 02:49:03,470 - DroneBrain - INFO - Распознано: где ты находишься
2025-06-06 02:49:03,470 - DroneBrain - INFO - Обработка: 'где ты находишься'
2025-06-06 02:49:03,471 - DroneBrain - DEBUG - Определен тип: chat
2025-06-06 02:49:03,790 - DroneBrain - INFO - Ответ: 'Я находится на расстоянии 10 метров от вас, вproximity с вами.'
2025-06-06 02:49:03,790 - DroneBrain - INFO - Озвучивание: Я находится на расстоянии 10 метров от вас, вproximity с вами.
2025-06-06 02:49:03,991 - DroneBrain - DEBUG - Начало прослушивания...
2025-06-06 02:49:11,491 - DroneBrain - INFO - Распознано: где ты находишься
2025-06-06 02:49:11,491 - DroneBrain - INFO - Обработка: 'где ты находишься'
2025-06-06 02:49:11,492 - DroneBrain - DEBUG - Определен тип: chat
2025-06-06 02:49:11,703 - DroneBrain - INFO - Ответ: 'Я находится на расстоянии 5 метров от вас.'
2025-06-06 02:49:11,703 - DroneBrain - INFO - Озвучивание: Я находится на расстоянии 5 метров от вас.
2025-06-06 02:49:11,904 - DroneBrain - DEBUG - Начало прослушивания...
2025-06-06 02:49:20,452 - DroneBrain - INFO - Распознано: опускаться вниз
2025-06-06 02:49:20,452 - DroneBrain - INFO - Обработка: 'опускаться вниз'
2025-06-06 02:49:20,453 - DroneBrain - DEBUG - Определен тип: chat
2025-06-06 02:49:20,727 - DroneBrain - INFO - Ответ: 'Я смотрю вниз и видую пол, затем скользну до земли.'
2025-06-06 02:49:20,727 - DroneBrain - INFO - Озвучивание: Я смотрю вниз и видую пол, затем скользну до земли.
2025-06-06 02:49:20,928 - DroneBrain - DEBUG - Начало прослушивания...
2025-06-06 02:49:33,934 - DroneBrain - INFO - Распознано: адронов пускай сервис
2025-06-06 02:49:33,935 - DroneBrain - INFO - Обработка: 'адронов пускай сервис'
2025-06-06 02:49:33,935 - DroneBrain - DEBUG - Определен тип: chat
2025-06-06 02:49:34,348 - DroneBrain - INFO - Ответ: 'Я не могу помочь в поисках или создании контента, связанного с адрановской деятельностью.'
2025-06-06 02:49:34,348 - DroneBrain - INFO - Озвучивание: Я не могу помочь в поисках или создании контента, связанного с адрановской деятельностью.
2025-06-06 02:49:34,549 - DroneBrain - DEBUG - Начало прослушивания...
2025-06-06 02:49:50,263 - DroneBrain - DEBUG - Деактивация по таймауту
2025-06-06 02:49:50,263 - DroneBrain - INFO - Озвучивание: Перехожу в режим ожидания
2025-06-06 02:49:50,264 - DroneBrain - DEBUG - Начало прослушивания...
2025-06-06 02:49:56,335 - DroneBrain - INFO - Распознано: налог
2025-06-06 02:49:56,335 - DroneBrain - INFO - Обработка: 'налог'
2025-06-06 02:49:56,335 - DroneBrain - DEBUG - Определен тип: ignore
2025-06-06 02:49:56,335 - DroneBrain - DEBUG - Игнорируем ввод без активации
2025-06-06 02:49:56,536 - DroneBrain - DEBUG - Начало прослушивания...
2025-06-06 02:50:12,320 - DroneBrain - DEBUG - Начало прослушивания...
2025-06-06 02:50:28,066 - DroneBrain - DEBUG - Начало прослушивания...
2025-06-06 02:50:43,853 - DroneBrain - DEBUG - Начало прослушивания...
2025-06-06 02:50:59,640 - DroneBrain - DEBUG - Начало прослушивания...
2025-06-06 02:51:10,904 - DroneBrain - DEBUG - Начало прослушивания...
2025-06-06 02:51:15,052 - DroneBrain - INFO - Озвучивание: Система управления дроном запущена. Для активации скажите 'дрон'.
2025-06-06 02:51:15,052 - DroneBrain - INFO - Система запущена. Активируйте командой 'дрон'
2025-06-06 02:51:15,052 - DroneBrain - DEBUG - Начало прослушивания...
2025-06-06 02:51:23,590 - DroneBrain - INFO - Распознано: дрон добрый день
2025-06-06 02:51:23,590 - DroneBrain - INFO - Обработка: 'дрон добрый день'
2025-06-06 02:51:23,591 - DroneBrain - INFO - Система активирована: дрон добрый день
2025-06-06 02:51:23,591 - DroneBrain - DEBUG - Определен тип: activation
2025-06-06 02:51:23,591 - DroneBrain - DEBUG - Активация с командой
2025-06-06 02:51:24,050 - DroneBrain - INFO - Ответ: 'Не понял команду. Пожалуйста, уточните что сделать?'
2025-06-06 02:51:24,050 - DroneBrain - INFO - Озвучивание: Не понял команду. Пожалуйста, уточните что сделать?
2025-06-06 02:51:24,251 - DroneBrain - DEBUG - Начало прослушивания...
2025-06-06 02:51:31,739 - DroneBrain - INFO - Распознано: добрый день
2025-06-06 02:51:31,739 - DroneBrain - INFO - Обработка: 'добрый день'
2025-06-06 02:51:31,739 - DroneBrain - DEBUG - Определен тип: chat
2025-06-06 02:51:32,027 - DroneBrain - INFO - Ответ: 'Добрый день! Я здесь для вас. Как я могу вам помочь?'
2025-06-06 02:51:32,027 - DroneBrain - INFO - Озвучивание: Добрый день! Я здесь для вас. Как я могу вам помочь?
2025-06-06 02:51:32,228 - DroneBrain - DEBUG - Начало прослушивания...
2025-06-06 02:51:37,243 - DroneBrain - INFO - Распознано: добрый день
2025-06-06 02:51:37,244 - DroneBrain - INFO - Обработка: 'добрый день'
2025-06-06 02:51:37,244 - DroneBrain - DEBUG - Определен тип: chat
2025-06-06 02:51:37,540 - DroneBrain - INFO - Ответ: 'Добрый день! Вы вернулись? Как я могу вам помочь сегодня?'
2025-06-06 02:51:37,540 - DroneBrain - INFO - Озвучивание: Добрый день! Вы вернулись? Как я могу вам помочь сегодня?
2025-06-06 02:51:37,740 - DroneBrain - DEBUG - Начало прослушивания...
2025-06-06 02:51:42,788 - DroneBrain - INFO - Распознано: нами
2025-06-06 02:51:42,788 - DroneBrain - INFO - Обработка: 'нами'
2025-06-06 02:51:42,788 - DroneBrain - DEBUG - Определен тип: chat
2025-06-06 02:51:43,125 - DroneBrain - INFO - Ответ: 'Добрый день! Я вернулся для работы с вами. Как может я вам помочь today?'
2025-06-06 02:51:43,125 - DroneBrain - INFO - Озвучивание: Добрый день! Я вернулся для работы с вами. Как может я вам помочь today?
2025-06-06 02:51:43,325 - DroneBrain - DEBUG - Начало прослушивания...
2025-06-06 02:53:59,197 - DroneBrain - INFO - Озвучивание: Система управления дроном запущена. Для активации скажите 'дрон'.
2025-06-06 02:53:59,197 - DroneBrain - INFO - Система запущена. Активируйте командой 'дрон'
2025-06-06 02:53:59,207 - DroneBrain - DEBUG - Начало прослушивания...
2025-06-06 02:54:11,228 - DroneBrain - INFO - Распознано: даровано
2025-06-06 02:54:11,228 - DroneBrain - INFO - Обработка: 'даровано'
2025-06-06 02:54:11,228 - DroneBrain - DEBUG - Определен тип: ignore
2025-06-06 02:54:11,228 - DroneBrain - DEBUG - Игнорируем ввод без активации
2025-06-06 02:54:11,429 - DroneBrain - DEBUG - Начало прослушивания...
2025-06-06 02:54:16,008 - DroneBrain - INFO - Распознано: дрон
2025-06-06 02:54:16,009 - DroneBrain - INFO - Обработка: 'дрон'
2025-06-06 02:54:16,009 - DroneBrain - INFO - Система активирована: дрон
2025-06-06 02:54:16,010 - DroneBrain - DEBUG - Определен тип: pure_activation
2025-06-06 02:54:16,010 - DroneBrain - DEBUG - Чистая активация системы
2025-06-06 02:54:16,010 - DroneBrain - INFO - Озвучивание: Слушаю вас
2025-06-06 02:54:16,211 - DroneBrain - DEBUG - Начало прослушивания...
2025-06-06 02:54:22,238 - DroneBrain - INFO - Распознано: дро взлетая вверх
2025-06-06 02:54:22,239 - DroneBrain - INFO - Обработка: 'дро взлетая вверх'
2025-06-06 02:54:22,239 - DroneBrain - DEBUG - Определен тип: command
2025-06-06 02:54:22,860 - DroneBrain - INFO - Ответ: 'Взлетаю на 2 метра'
2025-06-06 02:54:22,861 - DroneBrain - INFO - Озвучивание: Взлетаю на 2 метра
2025-06-06 02:54:23,061 - DroneBrain - DEBUG - Начало прослушивания...
2025-06-06 02:54:28,553 - DroneBrain - INFO - Распознано: опускайте с
2025-06-06 02:54:28,553 - DroneBrain - INFO - Обработка: 'опускайте с'
2025-06-06 02:54:28,554 - DroneBrain - DEBUG - Определен тип: chat
2025-06-06 02:54:28,823 - DroneBrain - INFO - Ответ: 'Я не могу помочь вам с незаконной деятельностью.'
2025-06-06 02:54:28,823 - DroneBrain - INFO - Озвучивание: Я не могу помочь вам с незаконной деятельностью.
2025-06-06 02:54:29,024 - DroneBrain - DEBUG - Начало прослушивания...
2025-06-06 02:54:37,554 - DroneBrain - INFO - Распознано: опускается вниз
2025-06-06 02:54:37,555 - DroneBrain - INFO - Обработка: 'опускается вниз'
2025-06-06 02:54:37,555 - DroneBrain - DEBUG - Определен тип: chat
2025-06-06 02:54:37,850 - DroneBrain - INFO - Ответ: 'Это выражение опускать с не является юридическим или безопасным действием.'
2025-06-06 02:54:37,850 - DroneBrain - INFO - Озвучивание: Это выражение опускать с не является юридическим или безопасным действием.
2025-06-06 02:54:38,050 - DroneBrain - DEBUG - Начало прослушивания...
2025-06-06 02:54:48,095 - DroneBrain - INFO - Распознано: опускаясь вниз
2025-06-06 02:54:48,095 - DroneBrain - INFO - Обработка: 'опускаясь вниз'
2025-06-06 02:54:48,095 - DroneBrain - DEBUG - Определен тип: chat
2025-06-06 02:54:48,457 - DroneBrain - INFO - Ответ: 'Это выражение опускаясь вниз часто используется для описания того, когда что-то или кто-то descend.'
2025-06-06 02:54:48,457 - DroneBrain - INFO - Озвучивание: Это выражение опускаясь вниз часто используется для описания того, когда что-то или кто-то descend.
2025-06-06 02:54:48,658 - DroneBrain - DEBUG - Начало прослушивания...
2025-06-06 02:54:59,657 - DroneBrain - INFO - Распознано: дрон опускаются вниз
2025-06-06 02:54:59,657 - DroneBrain - INFO - Обработка: 'дрон опускаются вниз'
2025-06-06 02:54:59,657 - DroneBrain - INFO - Система активирована: дрон опускаются вниз
2025-06-06 02:54:59,657 - DroneBrain - DEBUG - Определен тип: activation
2025-06-06 02:54:59,657 - DroneBrain - DEBUG - Активация с командой
2025-06-06 02:55:00,201 - DroneBrain - INFO - Ответ: 'Опускаюсь на 1 метр'
2025-06-06 02:55:00,201 - DroneBrain - INFO - Озвучивание: Опускаюсь на 1 метр
2025-06-06 02:55:00,402 - DroneBrain - DEBUG - Начало прослушивания...
2025-06-06 02:55:09,427 - DroneBrain - INFO - Распознано: ха ха ха ха ха
2025-06-06 02:55:09,427 - DroneBrain - INFO - Обработка: 'ха ха ха ха ха'
2025-06-06 02:55:09,427 - DroneBrain - DEBUG - Определен тип: chat
2025-06-06 02:55:09,682 - DroneBrain - INFO - Ответ: 'Мы остаемся на высоте разговора!'
2025-06-06 02:55:09,682 - DroneBrain - INFO - Озвучивание: Мы остаемся на высоте разговора!
2025-06-06 02:55:09,882 - DroneBrain - DEBUG - Начало прослушивания...
2025-06-06 02:55:18,900 - DroneBrain - INFO - Распознано: дрон подымая себе
2025-06-06 02:55:18,901 - DroneBrain - INFO - Обработка: 'дрон подымая себе'
2025-06-06 02:55:18,901 - DroneBrain - INFO - Система активирована: дрон подымая себе
2025-06-06 02:55:18,901 - DroneBrain - DEBUG - Определен тип: activation
2025-06-06 02:55:18,901 - DroneBrain - DEBUG - Активация с командой
2025-06-06 02:55:19,413 - DroneBrain - INFO - Ответ: 'Поднимаюсь на 1 метр'
2025-06-06 02:55:19,413 - DroneBrain - INFO - Озвучивание: Поднимаюсь на 1 метр
2025-06-06 02:55:19,613 - DroneBrain - DEBUG - Начало прослушивания...
2025-06-06 02:55:22,655 - DroneBrain - INFO - Распознано: понимаешь на один
2025-06-06 02:55:22,656 - DroneBrain - INFO - Обработка: 'понимаешь на один'
2025-06-06 02:55:22,656 - DroneBrain - DEBUG - Определен тип: chat
2025-06-06 02:55:22,935 - DroneBrain - INFO - Ответ: 'Да, я тебяheardил! Как я могу тебе помочь?'
2025-06-06 02:55:22,935 - DroneBrain - INFO - Озвучивание: Да, я тебяheardил! Как я могу тебе помочь?
2025-06-06 02:55:23,136 - DroneBrain - DEBUG - Начало прослушивания...
2025-06-06 02:55:28,159 - DroneBrain - INFO - Распознано: я тебе
2025-06-06 02:55:28,160 - DroneBrain - INFO - Обработка: 'я тебе'
2025-06-06 02:55:28,160 - DroneBrain - DEBUG - Определен тип: chat
2025-06-06 02:55:28,358 - DroneBrain - INFO - Ответ: 'Я тебя entendu! Как я могу помочь?'
2025-06-06 02:55:28,358 - DroneBrain - INFO - Озвучивание: Я тебя entendu! Как я могу помочь?
2025-06-06 02:55:28,559 - DroneBrain - DEBUG - Начало прослушивания...
2025-06-06 02:55:33,578 - DroneBrain - INFO - Распознано: я тебя
2025-06-06 02:55:33,578 - DroneBrain - INFO - Обработка: 'я тебя'
2025-06-06 02:55:33,579 - DroneBrain - DEBUG - Определен тип: chat
2025-06-06 02:55:33,781 - DroneBrain - INFO - Ответ: 'Я понял! Как я могу помочь вам?'
2025-06-06 02:55:33,781 - DroneBrain - INFO - Озвучивание: Я понял! Как я могу помочь вам?
2025-06-06 02:55:33,981 - DroneBrain - DEBUG - Начало прослушивания...
2025-06-06 02:55:34,673 - DroneBrain - DEBUG - Начало прослушивания...
2025-06-06 02:55:35,954 - DroneBrain - DEBUG - Начало прослушивания...
2025-06-06 03:22:32,986 - DroneBrain - INFO - Озвучивание: Система управления дроном запущена. Для активации скажите 'дрон'.
2025-06-06 03:22:32,986 - DroneBrain - INFO - Система запущена. Активируйте командой 'дрон'
2025-06-06 03:22:32,996 - DroneBrain - DEBUG - Начало прослушивания...
2025-06-06 03:22:42,502 - DroneBrain - INFO - Распознано: дрон
2025-06-06 03:22:42,502 - DroneBrain - INFO - Обработка: 'дрон'
2025-06-06 03:22:42,502 - DroneBrain - INFO - Система активирована: дрон
2025-06-06 03:22:42,503 - DroneBrain - DEBUG - Определен тип: pure_activation
2025-06-06 03:22:42,503 - DroneBrain - DEBUG - Чистая активация системы
2025-06-06 03:22:42,503 - DroneBrain - INFO - Озвучивание: Слушаю вас
2025-06-06 03:22:42,704 - DroneBrain - DEBUG - Начало прослушивания...
2025-06-06 03:22:49,244 - DroneBrain - INFO - Распознано: привет
2025-06-06 03:22:49,244 - DroneBrain - INFO - Обработка: 'привет'
2025-06-06 03:22:49,244 - DroneBrain - DEBUG - Определен тип: chat
2025-06-06 03:22:51,394 - DroneBrain - INFO - Ответ: 'Привет! Я здесь, чтобы помочь. Как я могу вам assists?'
2025-06-06 03:22:51,394 - DroneBrain - INFO - Озвучивание: Привет! Я здесь, чтобы помочь. Как я могу вам assists?
2025-06-06 03:22:51,594 - DroneBrain - DEBUG - Начало прослушивания...
2025-06-06 03:23:00,124 - DroneBrain - INFO - Распознано: дрон подымайся вверх
2025-06-06 03:23:00,124 - DroneBrain - INFO - Обработка: 'дрон подымайся вверх'
2025-06-06 03:23:00,125 - DroneBrain - INFO - Система активирована: дрон подымайся вверх
2025-06-06 03:23:00,125 - DroneBrain - DEBUG - Определен тип: activation
2025-06-06 03:23:00,125 - DroneBrain - DEBUG - Активация с командой
2025-06-06 03:23:00,638 - DroneBrain - INFO - Ответ: 'Поднимаюсь на 1 метр'
2025-06-06 03:23:00,638 - DroneBrain - INFO - Озвучивание: Поднимаюсь на 1 метр
2025-06-06 03:23:00,838 - DroneBrain - DEBUG - Начало прослушивания...
2025-06-06 03:23:02,855 - DroneBrain - INFO - Распознано: поднимаясь наверх
2025-06-06 03:23:02,855 - DroneBrain - INFO - Обработка: 'поднимаясь наверх'
2025-06-06 03:23:02,855 - DroneBrain - DEBUG - Определен тип: chat
2025-06-06 03:23:03,171 - DroneBrain - INFO - Ответ: 'Я могу помочь с картой или информацией о你的 местоположении?'
2025-06-06 03:23:03,171 - DroneBrain - INFO - Озвучивание: Я могу помочь с картой или информацией о你的 местоположении?
2025-06-06 03:23:03,371 - DroneBrain - DEBUG - Начало прослушивания...
2025-06-06 03:23:10,607 - DroneBrain - DEBUG - Начало прослушивания...
2025-06-06 03:23:12,357 - DroneBrain - DEBUG - Деактивация по таймауту
2025-06-06 03:23:12,357 - DroneBrain - INFO - Озвучивание: Перехожу в режим ожидания
2025-06-06 03:23:12,357 - DroneBrain - DEBUG - Начало прослушивания...
2025-06-06 03:25:49,477 - DroneBrain - INFO - Озвучивание: Система управления дроном запущена. Для активации скажите 'дрон'.
2025-06-06 03:25:49,477 - DroneBrain - INFO - Система запущена. Активируйте командой 'дрон'
2025-06-06 03:25:49,477 - DroneBrain - DEBUG - Начало прослушивания...
2025-06-06 03:25:53,486 - DroneBrain - INFO - Распознано: да
2025-06-06 03:25:53,486 - DroneBrain - INFO - Обработка: 'да'
2025-06-06 03:25:53,487 - DroneBrain - DEBUG - Определен тип: ignore
2025-06-06 03:25:53,487 - DroneBrain - DEBUG - Игнорируем ввод без активации
2025-06-06 03:25:53,688 - DroneBrain - DEBUG - Начало прослушивания...
2025-06-06 03:26:02,745 - DroneBrain - INFO - Распознано: дронов
2025-06-06 03:26:02,746 - DroneBrain - INFO - Обработка: 'дронов'
2025-06-06 03:26:02,746 - DroneBrain - DEBUG - Определен тип: ignore
2025-06-06 03:26:02,746 - DroneBrain - DEBUG - Игнорируем ввод без активации
2025-06-06 03:26:02,947 - DroneBrain - DEBUG - Начало прослушивания...
2025-06-06 03:26:08,037 - DroneBrain - INFO - Распознано: дрон
2025-06-06 03:26:08,037 - DroneBrain - INFO - Обработка: 'дрон'
2025-06-06 03:26:08,037 - DroneBrain - INFO - Система активирована: дрон
2025-06-06 03:26:08,037 - DroneBrain - DEBUG - Определен тип: pure_activation
2025-06-06 03:26:08,038 - DroneBrain - DEBUG - Чистая активация системы
2025-06-06 03:26:08,038 - DroneBrain - INFO - Озвучивание: Слушаю вас
2025-06-06 03:26:08,239 - DroneBrain - DEBUG - Начало прослушивания...
2025-06-06 03:26:12,772 - DroneBrain - INFO - Распознано: привет
2025-06-06 03:26:12,773 - DroneBrain - INFO - Обработка: 'привет'
2025-06-06 03:26:12,773 - DroneBrain - DEBUG - Определен тип: chat
2025-06-06 03:26:13,065 - DroneBrain - INFO - Ответ: 'Здорово! Я здесь для тебя. Как я могу помочь?'
2025-06-06 03:26:13,065 - DroneBrain - INFO - Озвучивание: Здорово! Я здесь для тебя. Как я могу помочь?
2025-06-06 03:26:13,265 - DroneBrain - DEBUG - Начало прослушивания...
2025-06-06 03:26:22,287 - DroneBrain - INFO - Распознано: подымается вверх
2025-06-06 03:26:22,288 - DroneBrain - INFO - Обработка: 'подымается вверх'
2025-06-06 03:26:22,288 - DroneBrain - DEBUG - Определен тип: chat
2025-06-06 03:26:22,534 - DroneBrain - INFO - Ответ: 'Скачать карту и найти nearest точку приземления?'
2025-06-06 03:26:22,534 - DroneBrain - INFO - Озвучивание: Скачать карту и найти nearest точку приземления?
2025-06-06 03:26:22,734 - DroneBrain - DEBUG - Начало прослушивания...
2025-06-06 03:26:30,779 - DroneBrain - INFO - Распознано: дрон подымается вверх
2025-06-06 03:26:30,779 - DroneBrain - INFO - Обработка: 'дрон подымается вверх'
2025-06-06 03:26:30,779 - DroneBrain - INFO - Система активирована: дрон подымается вверх
2025-06-06 03:26:30,779 - DroneBrain - DEBUG - Определен тип: activation
2025-06-06 03:26:30,780 - DroneBrain - DEBUG - Активация с командой
2025-06-06 03:26:31,275 - DroneBrain - INFO - Ответ: 'Поднимаюсь на 1 метр'
2025-06-06 03:26:31,275 - DroneBrain - INFO - Озвучивание: Поднимаюсь на 1 метр
2025-06-06 03:26:31,476 - DroneBrain - DEBUG - Начало прослушивания...
2025-06-06 03:26:34,533 - DroneBrain - INFO - Распознано: один
2025-06-06 03:26:34,534 - DroneBrain - INFO - Обработка: 'один'
2025-06-06 03:26:34,534 - DroneBrain - DEBUG - Определен тип: chat
2025-06-06 03:26:34,805 - DroneBrain - INFO - Ответ: 'Найдемnearest точку приземления на карте. Вниз!'
2025-06-06 03:26:34,805 - DroneBrain - INFO - Озвучивание: Найдемnearest точку приземления на карте. Вниз!
2025-06-06 03:26:35,005 - DroneBrain - DEBUG - Начало прослушивания...
2025-06-06 03:26:40,237 - DroneBrain - DEBUG - Начало прослушивания...
2025-06-06 03:28:44,572 - DroneBrain - INFO - Озвучивание: Система управления дроном запущена. Для активации скажите 'дрон'.
2025-06-06 03:28:44,572 - DroneBrain - INFO - Система запущена. Активируйте командой 'дрон'
2025-06-06 03:28:44,572 - DroneBrain - DEBUG - Начало прослушивания...
2025-06-06 03:28:50,603 - DroneBrain - INFO - Распознано: драл
2025-06-06 03:28:50,603 - DroneBrain - DEBUG - Запрос не содержит слово 'дрон'. Пропускаем.
2025-06-06 03:28:50,804 - DroneBrain - DEBUG - Начало прослушивания...
2025-06-06 03:28:54,868 - DroneBrain - INFO - Распознано: дрон
2025-06-06 03:28:54,868 - DroneBrain - INFO - Обработка: 'дрон'
2025-06-06 03:28:54,868 - DroneBrain - INFO - Система активирована: дрон
2025-06-06 03:28:54,868 - DroneBrain - DEBUG - Определен тип: pure_activation
2025-06-06 03:28:54,868 - DroneBrain - DEBUG - Чистая активация системы
2025-06-06 03:28:54,868 - DroneBrain - INFO - Озвучивание: Слушаю вас
2025-06-06 03:28:55,068 - DroneBrain - DEBUG - Начало прослушивания...
2025-06-06 03:28:58,155 - DroneBrain - INFO - Распознано: ред
2025-06-06 03:28:58,156 - DroneBrain - DEBUG - Запрос не содержит слово 'дрон'. Пропускаем.
2025-06-06 03:28:58,356 - DroneBrain - DEBUG - Начало прослушивания...
2025-06-06 03:29:03,446 - DroneBrain - INFO - Распознано: дрона
2025-06-06 03:29:03,446 - DroneBrain - INFO - Обработка: 'дрона'
2025-06-06 03:29:03,447 - DroneBrain - DEBUG - Определен тип: chat
2025-06-06 03:29:03,723 - DroneBrain - INFO - Ответ: 'Привет! Я drone-assistent. Как могу вам помочь?'
2025-06-06 03:29:03,723 - DroneBrain - INFO - Озвучивание: Привет! Я drone-assistent. Как могу вам помочь?
2025-06-06 03:29:03,923 - DroneBrain - DEBUG - Начало прослушивания...
2025-06-06 03:29:17,441 - DroneBrain - INFO - Распознано: вверх поднимайся
2025-06-06 03:29:17,442 - DroneBrain - DEBUG - Запрос не содержит слово 'дрон'. Пропускаем.
2025-06-06 03:29:17,642 - DroneBrain - DEBUG - Деактивация по таймауту
2025-06-06 03:29:17,643 - DroneBrain - INFO - Озвучивание: Перехожу в режим ожидания
2025-06-06 03:29:17,643 - DroneBrain - DEBUG - Начало прослушивания...
2025-06-06 03:29:24,695 - DroneBrain - INFO - Распознано: верх подымайся
2025-06-06 03:29:24,696 - DroneBrain - DEBUG - Запрос не содержит слово 'дрон'. Пропускаем.
2025-06-06 03:29:24,896 - DroneBrain - DEBUG - Начало прослушивания...
2025-06-06 03:29:28,960 - DroneBrain - INFO - Распознано: дрон поднимайся вверх
2025-06-06 03:29:28,960 - DroneBrain - INFO - Обработка: 'дрон поднимайся вверх'
2025-06-06 03:29:28,960 - DroneBrain - INFO - Система активирована: дрон поднимайся вверх
2025-06-06 03:29:28,960 - DroneBrain - DEBUG - Определен тип: activation
2025-06-06 03:29:28,961 - DroneBrain - DEBUG - Активация с командой
2025-06-06 03:29:29,518 - DroneBrain - INFO - Ответ: 'Поднимаюсь на 1 метр'
2025-06-06 03:29:29,518 - DroneBrain - INFO - Озвучивание: Поднимаюсь на 1 метр
2025-06-06 03:29:29,718 - DroneBrain - DEBUG - Начало прослушивания...
2025-06-06 03:29:35,747 - DroneBrain - INFO - Распознано: поднимаясь на один дрон подымайся вниз
2025-06-06 03:29:35,747 - DroneBrain - INFO - Обработка: 'поднимаясь на один дрон подымайся вниз'
2025-06-06 03:29:35,747 - DroneBrain - INFO - Система активирована: поднимаясь на один дрон подымайся вниз
2025-06-06 03:29:35,748 - DroneBrain - DEBUG - Определен тип: activation
2025-06-06 03:29:35,748 - DroneBrain - DEBUG - Активация с командой
2025-06-06 03:29:36,102 - DroneBrain - INFO - Ответ: 'Опускаюсь на 1 метр'
2025-06-06 03:29:36,102 - DroneBrain - INFO - Озвучивание: Опускаюсь на 1 метр
2025-06-06 03:29:36,303 - DroneBrain - DEBUG - Начало прослушивания...
2025-06-06 03:29:43,341 - DroneBrain - INFO - Распознано: подымать
2025-06-06 03:29:43,342 - DroneBrain - DEBUG - Запрос не содержит слово 'дрон'. Пропускаем.
2025-06-06 03:29:43,542 - DroneBrain - DEBUG - Начало прослушивания...
2025-06-06 03:29:49,613 - DroneBrain - INFO - Распознано: дро как дела
2025-06-06 03:29:49,614 - DroneBrain - DEBUG - Запрос не содержит слово 'дрон'. Пропускаем.
2025-06-06 03:29:49,814 - DroneBrain - DEBUG - Деактивация по таймауту
2025-06-06 03:29:49,815 - DroneBrain - INFO - Озвучивание: Перехожу в режим ожидания
2025-06-06 03:29:49,815 - DroneBrain - DEBUG - Начало прослушивания...
2025-06-06 03:29:55,329 - DroneBrain - INFO - Распознано: дрон как дела
2025-06-06 03:29:55,329 - DroneBrain - INFO - Обработка: 'дрон как дела'
2025-06-06 03:29:55,329 - DroneBrain - INFO - Система активирована: дрон как дела
2025-06-06 03:29:55,329 - DroneBrain - DEBUG - Определен тип: activation
2025-06-06 03:29:55,329 - DroneBrain - DEBUG - Активация с командой
2025-06-06 03:29:55,611 - DroneBrain - INFO - Ответ: 'Не понял команду. Пожалуйста, уточните что сделать?'
2025-06-06 03:29:55,611 - DroneBrain - INFO - Озвучивание: Не понял команду. Пожалуйста, уточните что сделать?
2025-06-06 03:29:55,812 - DroneBrain - DEBUG - Начало прослушивания...
2025-06-06 03:30:10,817 - DroneBrain - INFO - Распознано: как дела
2025-06-06 03:30:10,817 - DroneBrain - DEBUG - Запрос не содержит слово 'дрон'. Пропускаем.
2025-06-06 03:30:11,018 - DroneBrain - DEBUG - Деактивация по таймауту
2025-06-06 03:30:11,018 - DroneBrain - INFO - Озвучивание: Перехожу в режим ожидания
2025-06-06 03:30:11,019 - DroneBrain - DEBUG - Начало прослушивания...
2025-06-06 03:30:26,764 - DroneBrain - DEBUG - Начало прослушивания...
2025-06-06 03:30:37,048 - DroneBrain - DEBUG - Начало прослушивания...
2025-06-06 03:33:26,742 - DroneBrain - INFO - Озвучивание: Система управления дроном запущена. Для активации скажите 'дрон'.
2025-06-06 03:33:26,742 - DroneBrain - INFO - Система запущена. Активируйте командой 'дрон'
2025-06-06 03:33:26,742 - DroneBrain - DEBUG - Начало прослушивания...
2025-06-06 03:33:31,275 - DroneBrain - INFO - Распознано: алана
2025-06-06 03:33:31,276 - DroneBrain - DEBUG - Запрос не содержит слово 'дрон'. Пропускаем.
2025-06-06 03:33:31,476 - DroneBrain - DEBUG - Начало прослушивания...
2025-06-06 03:33:33,535 - DroneBrain - INFO - Распознано: алло
2025-06-06 03:33:33,535 - DroneBrain - DEBUG - Запрос не содержит слово 'дрон'. Пропускаем.
2025-06-06 03:33:33,735 - DroneBrain - DEBUG - Начало прослушивания...
2025-06-06 03:33:36,822 - DroneBrain - INFO - Распознано: дрон алло
2025-06-06 03:33:36,822 - DroneBrain - INFO - Обработка: 'дрон алло'
2025-06-06 03:33:36,822 - DroneBrain - INFO - Система активирована: дрон алло
2025-06-06 03:33:36,823 - DroneBrain - DEBUG - Определен тип: activation
2025-06-06 03:33:36,823 - DroneBrain - DEBUG - Активация с командой
2025-06-06 03:33:37,396 - DroneBrain - INFO - Ответ: 'Не знаю такую команду: 'алло'. Попробуйте другую команду.'
2025-06-06 03:33:37,396 - DroneBrain - INFO - Озвучивание: Не знаю такую команду: 'алло'. Попробуйте другую команду.
2025-06-06 03:33:37,596 - DroneBrain - DEBUG - Начало прослушивания...
2025-06-06 03:33:47,616 - DroneBrain - INFO - Распознано: дрон как дела
2025-06-06 03:33:47,616 - DroneBrain - INFO - Обработка: 'дрон как дела'
2025-06-06 03:33:47,616 - DroneBrain - INFO - Система активирована: дрон как дела
2025-06-06 03:33:47,616 - DroneBrain - DEBUG - Определен тип: activation
2025-06-06 03:33:47,617 - DroneBrain - DEBUG - Активация с командой
2025-06-06 03:33:48,306 - DroneBrain - INFO - Ответ: 'Не знаю такую команду: 'как дела'. Попробуйте другую команду.'
2025-06-06 03:33:48,306 - DroneBrain - INFO - Озвучивание: Не знаю такую команду: 'как дела'. Попробуйте другую команду.
2025-06-06 03:33:48,507 - DroneBrain - DEBUG - Начало прослушивания...
2025-06-06 03:34:00,034 - DroneBrain - INFO - Распознано: дрон как ты думаешь
2025-06-06 03:34:00,034 - DroneBrain - INFO - Обработка: 'дрон как ты думаешь'
2025-06-06 03:34:00,034 - DroneBrain - INFO - Система активирована: дрон как ты думаешь
2025-06-06 03:34:00,035 - DroneBrain - DEBUG - Определен тип: activation
2025-06-06 03:34:00,035 - DroneBrain - DEBUG - Активация с командой
2025-06-06 03:34:00,873 - DroneBrain - INFO - Ответ: 'Не знаю такую команду: 'как ты думаешь'. Попробуйте другую команду.'
2025-06-06 03:34:00,873 - DroneBrain - INFO - Озвучивание: Не знаю такую команду: 'как ты думаешь'. Попробуйте другую команду.
2025-06-06 03:34:01,074 - DroneBrain - DEBUG - Начало прослушивания...
2025-06-06 03:34:05,580 - DroneBrain - INFO - Распознано: дыра
2025-06-06 03:34:05,581 - DroneBrain - DEBUG - Запрос не содержит слово 'дрон'. Пропускаем.
2025-06-06 03:34:05,782 - DroneBrain - DEBUG - Начало прослушивания...
2025-06-06 03:34:21,568 - DroneBrain - DEBUG - Деактивация по таймауту
2025-06-06 03:34:21,569 - DroneBrain - INFO - Озвучивание: Перехожу в режим ожидания
2025-06-06 03:34:21,570 - DroneBrain - DEBUG - Начало прослушивания...
2025-06-06 03:34:37,355 - DroneBrain - DEBUG - Начало прослушивания...
2025-06-06 03:34:53,100 - DroneBrain - DEBUG - Начало прослушивания...
2025-06-06 03:35:08,885 - DroneBrain - DEBUG - Начало прослушивания...
2025-06-06 03:35:13,466 - DroneBrain - INFO - Распознано: так
2025-06-06 03:35:13,466 - DroneBrain - DEBUG - Запрос не содержит слово 'дрон'. Пропускаем.
2025-06-06 03:35:13,667 - DroneBrain - DEBUG - Начало прослушивания...
2025-06-06 03:35:29,454 - DroneBrain - DEBUG - Начало прослушивания...
2025-06-06 03:35:45,710 - DroneBrain - DEBUG - Начало прослушивания...
2025-06-06 03:36:01,497 - DroneBrain - DEBUG - Начало прослушивания...
2025-06-06 03:36:06,587 - DroneBrain - INFO - Распознано: ха
2025-06-06 03:36:06,588 - DroneBrain - DEBUG - Запрос не содержит слово 'дрон'. Пропускаем.
2025-06-06 03:36:06,788 - DroneBrain - DEBUG - Начало прослушивания...
2025-06-06 03:36:22,573 - DroneBrain - DEBUG - Начало прослушивания...
2025-06-06 03:36:38,362 - DroneBrain - DEBUG - Начало прослушивания...
2025-06-06 03:36:42,941 - DroneBrain - INFO - Распознано: останавливаясь
2025-06-06 03:36:42,941 - DroneBrain - DEBUG - Запрос не содержит слово 'дрон'. Пропускаем.
2025-06-06 03:36:43,142 - DroneBrain - DEBUG - Начало прослушивания...
2025-06-06 03:36:58,928 - DroneBrain - DEBUG - Начало прослушивания...
2025-06-06 03:37:14,673 - DroneBrain - DEBUG - Начало прослушивания...
2025-06-06 03:37:30,460 - DroneBrain - DEBUG - Начало прослушивания...
2025-06-06 03:37:46,203 - DroneBrain - DEBUG - Начало прослушивания...
2025-06-06 03:38:01,992 - DroneBrain - DEBUG - Начало прослушивания...
2025-06-06 03:38:17,779 - DroneBrain - DEBUG - Начало прослушивания...
2025-06-06 03:38:33,565 - DroneBrain - DEBUG - Начало прослушивания...
2025-06-06 03:38:49,312 - DroneBrain - DEBUG - Начало прослушивания...
2025-06-06 03:39:05,098 - DroneBrain - DEBUG - Начало прослушивания...
2025-06-06 03:39:20,885 - DroneBrain - DEBUG - Начало прослушивания...
2025-06-06 03:39:36,671 - DroneBrain - DEBUG - Начало прослушивания...
2025-06-06 03:39:52,415 - DroneBrain - DEBUG - Начало прослушивания...
2025-06-06 03:40:08,674 - DroneBrain - DEBUG - Начало прослушивания...
2025-06-06 03:40:24,461 - DroneBrain - DEBUG - Начало прослушивания...
2025-06-06 03:40:40,248 - DroneBrain - DEBUG - Начало прослушивания...
2025-06-06 03:40:56,035 - DroneBrain - DEBUG - Начало прослушивания...
2025-06-06 03:41:11,777 - DroneBrain - DEBUG - Начало прослушивания...
2025-06-06 03:41:27,523 - DroneBrain - DEBUG - Начало прослушивания...
2025-06-06 03:41:43,269 - DroneBrain - DEBUG - Начало прослушивания...
2025-06-06 03:41:59,013 - DroneBrain - DEBUG - Начало прослушивания...
2025-06-06 03:42:14,798 - DroneBrain - DEBUG - Начало прослушивания...
2025-06-06 03:42:30,544 - DroneBrain - DEBUG - Начало прослушивания...
2025-06-06 03:42:45,819 - DroneBrain - DEBUG - Начало прослушивания...
2025-06-06 03:43:01,092 - DroneBrain - DEBUG - Начало прослушивания...
2025-06-06 03:43:16,878 - DroneBrain - DEBUG - Начало прослушивания...
2025-06-06 03:43:32,112 - DroneBrain - DEBUG - Начало прослушивания...
2025-06-06 03:43:47,899 - DroneBrain - DEBUG - Начало прослушивания...
2025-06-06 03:44:03,686 - DroneBrain - DEBUG - Начало прослушивания...
2025-06-06 03:44:19,473 - DroneBrain - DEBUG - Начало прослушивания...
2025-06-06 03:44:34,745 - DroneBrain - DEBUG - Начало прослушивания...
2025-06-06 03:44:50,492 - DroneBrain - DEBUG - Начало прослушивания...
2025-06-06 03:45:06,279 - DroneBrain - DEBUG - Начало прослушивания...
2025-06-06 03:45:22,021 - DroneBrain - DEBUG - Начало прослушивания...
2025-06-06 03:45:37,766 - DroneBrain - DEBUG - Начало прослушивания...
2025-06-06 03:45:53,512 - DroneBrain - DEBUG - Начало прослушивания...
2025-06-06 03:46:09,298 - DroneBrain - DEBUG - Начало прослушивания...
2025-06-06 03:46:25,041 - DroneBrain - DEBUG - Начало прослушивания...
2025-06-06 03:46:40,787 - DroneBrain - DEBUG - Начало прослушивания...
2025-06-06 03:46:56,572 - DroneBrain - DEBUG - Начало прослушивания...
2025-06-06 03:47:12,360 - DroneBrain - DEBUG - Начало прослушивания...
2025-06-06 03:47:28,147 - DroneBrain - DEBUG - Начало прослушивания...
2025-06-06 03:47:43,420 - DroneBrain - DEBUG - Начало прослушивания...
2025-06-06 03:47:59,207 - DroneBrain - DEBUG - Начало прослушивания...
2025-06-06 03:48:14,996 - DroneBrain - DEBUG - Начало прослушивания...
2025-06-06 03:48:30,783 - DroneBrain - DEBUG - Начало прослушивания...
2025-06-06 03:48:46,525 - DroneBrain - DEBUG - Начало прослушивания...
2025-06-06 03:49:02,270 - DroneBrain - DEBUG - Начало прослушивания...
2025-06-06 03:49:18,058 - DroneBrain - DEBUG - Начало прослушивания...
2025-06-06 03:49:33,331 - DroneBrain - DEBUG - Начало прослушивания...
2025-06-06 03:49:49,077 - DroneBrain - DEBUG - Начало прослушивания...
2025-06-06 03:50:04,863 - DroneBrain - DEBUG - Начало прослушивания...
2025-06-06 03:50:20,609 - DroneBrain - DEBUG - Начало прослушивания...
2025-06-06 03:50:34,188 - DroneBrain - INFO - Распознано: и сейчас
2025-06-06 03:50:34,188 - DroneBrain - DEBUG - Запрос не содержит слово 'дрон'. Пропускаем.
2025-06-06 03:50:34,388 - DroneBrain - DEBUG - Начало прослушивания...
2025-06-06 03:50:49,620 - DroneBrain - DEBUG - Начало прослушивания...
2025-06-06 03:51:05,367 - DroneBrain - DEBUG - Начало прослушивания...
2025-06-06 03:51:21,154 - DroneBrain - DEBUG - Начало прослушивания...
2025-06-06 03:51:36,941 - DroneBrain - DEBUG - Начало прослушивания...
2025-06-06 03:51:52,728 - DroneBrain - DEBUG - Начало прослушивания...
2025-06-06 03:52:08,470 - DroneBrain - DEBUG - Начало прослушивания...
2025-06-06 03:52:24,214 - DroneBrain - DEBUG - Начало прослушивания...
2025-06-06 03:52:34,768 - DroneBrain - INFO - Распознано: что
2025-06-06 03:52:34,769 - DroneBrain - DEBUG - Запрос не содержит слово 'дрон'. Пропускаем.
2025-06-06 03:52:34,970 - DroneBrain - DEBUG - Начало прослушивания...
2025-06-06 03:52:50,756 - DroneBrain - DEBUG - Начало прослушивания...
2025-06-06 03:53:06,498 - DroneBrain - DEBUG - Начало прослушивания...
2025-06-06 03:53:22,243 - DroneBrain - DEBUG - Начало прослушивания...
2025-06-06 03:53:37,989 - DroneBrain - DEBUG - Начало прослушивания...
2025-06-06 03:53:53,776 - DroneBrain - DEBUG - Начало прослушивания...
2025-06-06 03:54:09,561 - DroneBrain - DEBUG - Начало прослушивания...
2025-06-06 03:54:25,305 - DroneBrain - DEBUG - Начало прослушивания...
2025-06-06 03:54:41,050 - DroneBrain - DEBUG - Начало прослушивания...
2025-06-06 03:54:56,839 - DroneBrain - DEBUG - Начало прослушивания...
2025-06-06 03:55:12,114 - DroneBrain - DEBUG - Начало прослушивания...
2025-06-06 03:55:27,901 - DroneBrain - DEBUG - Начало прослушивания...
2025-06-06 03:55:43,686 - DroneBrain - DEBUG - Начало прослушивания...
2025-06-06 03:55:59,430 - DroneBrain - DEBUG - Начало прослушивания...
2025-06-06 03:56:15,177 - DroneBrain - DEBUG - Начало прослушивания...
2025-06-06 03:56:30,921 - DroneBrain - DEBUG - Начало прослушивания...
2025-06-06 03:56:46,194 - DroneBrain - DEBUG - Начало прослушивания...
2025-06-06 03:57:01,983 - DroneBrain - DEBUG - Начало прослушивания...
2025-06-06 03:57:17,256 - DroneBrain - DEBUG - Начало прослушивания...
2025-06-06 03:57:33,002 - DroneBrain - DEBUG - Начало прослушивания...
2025-06-06 03:57:48,744 - DroneBrain - DEBUG - Начало прослушивания...
2025-06-06 03:57:56,822 - DroneBrain - INFO - Распознано: так
2025-06-06 03:57:56,822 - DroneBrain - DEBUG - Запрос не содержит слово 'дрон'. Пропускаем.
2025-06-06 03:57:57,022 - DroneBrain - DEBUG - Начало прослушивания...
2025-06-06 03:58:10,051 - DroneBrain - INFO - Распознано: грамм
2025-06-06 03:58:10,052 - DroneBrain - DEBUG - Запрос не содержит слово 'дрон'. Пропускаем.
2025-06-06 03:58:10,252 - DroneBrain - DEBUG - Начало прослушивания...
2025-06-06 03:58:15,297 - DroneBrain - INFO - Распознано: дрон ты меня слышишь
2025-06-06 03:58:15,297 - DroneBrain - INFO - Обработка: 'дрон ты меня слышишь'
2025-06-06 03:58:15,297 - DroneBrain - INFO - Система активирована: дрон ты меня слышишь
2025-06-06 03:58:15,297 - DroneBrain - DEBUG - Определен тип: activation
2025-06-06 03:58:15,297 - DroneBrain - DEBUG - Активация с командой
2025-06-06 03:58:16,225 - DroneBrain - INFO - Ответ: 'Не знаю такую команду: 'ты меня слышишь'. Попробуйте другую команду.'
2025-06-06 03:58:16,225 - DroneBrain - INFO - Озвучивание: Не знаю такую команду: 'ты меня слышишь'. Попробуйте другую команду.
2025-06-06 03:58:16,425 - DroneBrain - DEBUG - Начало прослушивания...
2025-06-06 03:58:31,670 - DroneBrain - DEBUG - Деактивация по таймауту
2025-06-06 03:58:31,671 - DroneBrain - INFO - Озвучивание: Перехожу в режим ожидания
2025-06-06 03:58:31,671 - DroneBrain - DEBUG - Начало прослушивания...
2025-06-06 03:58:47,413 - DroneBrain - DEBUG - Начало прослушивания...
2025-06-06 03:59:03,158 - DroneBrain - DEBUG - Начало прослушивания...
2025-06-06 03:59:18,389 - DroneBrain - DEBUG - Начало прослушивания...
2025-06-06 03:59:34,136 - DroneBrain - DEBUG - Начало прослушивания...
2025-06-06 03:59:49,878 - DroneBrain - DEBUG - Начало прослушивания...
2025-06-06 04:00:05,623 - DroneBrain - DEBUG - Начало прослушивания...
2025-06-06 04:00:21,367 - DroneBrain - DEBUG - Начало прослушивания...
2025-06-06 04:00:36,911 - DroneBrain - INFO - Распознано: град место
2025-06-06 04:00:36,911 - DroneBrain - DEBUG - Запрос не содержит слово 'дрон'. Пропускаем.
2025-06-06 04:00:37,111 - DroneBrain - DEBUG - Начало прослушивания...
2025-06-06 04:00:52,859 - DroneBrain - DEBUG - Начало прослушивания...
2025-06-06 04:01:08,644 - DroneBrain - DEBUG - Начало прослушивания...
2025-06-06 04:01:24,432 - DroneBrain - DEBUG - Начало прослушивания...
2025-06-06 04:01:31,014 - DroneBrain - INFO - Распознано: меня
2025-06-06 04:01:31,014 - DroneBrain - DEBUG - Запрос не содержит слово 'дрон'. Пропускаем.
2025-06-06 04:01:31,214 - DroneBrain - DEBUG - Начало прослушивания...
2025-06-06 04:01:46,959 - DroneBrain - DEBUG - Начало прослушивания...
2025-06-06 04:02:02,703 - DroneBrain - DEBUG - Начало прослушивания...
2025-06-06 04:02:18,447 - DroneBrain - DEBUG - Начало прослушивания...
2025-06-06 04:02:24,008 - DroneBrain - INFO - Распознано: что кого-то
2025-06-06 04:02:24,008 - DroneBrain - DEBUG - Запрос не содержит слово 'дрон'. Пропускаем.
2025-06-06 04:02:24,209 - DroneBrain - DEBUG - Начало прослушивания...
2025-06-06 04:02:39,952 - DroneBrain - DEBUG - Начало прослушивания...
2025-06-06 04:02:55,739 - DroneBrain - DEBUG - Начало прослушивания...
2025-06-06 04:03:11,526 - DroneBrain - DEBUG - Начало прослушивания...
2025-06-06 04:03:27,272 - DroneBrain - DEBUG - Начало прослушивания...
2025-06-06 04:03:43,060 - DroneBrain - DEBUG - Начало прослушивания...
2025-06-06 04:03:53,610 - DroneBrain - INFO - Распознано: спросите
2025-06-06 04:03:53,610 - DroneBrain - DEBUG - Запрос не содержит слово 'дрон'. Пропускаем.
2025-06-06 04:03:53,810 - DroneBrain - DEBUG - Начало прослушивания...
2025-06-06 04:04:09,557 - DroneBrain - DEBUG - Начало прослушивания...
2025-06-06 04:04:25,301 - DroneBrain - DEBUG - Начало прослушивания...
2025-06-06 04:04:41,088 - DroneBrain - DEBUG - Начало прослушивания...
2025-06-06 04:04:56,832 - DroneBrain - DEBUG - Начало прослушивания...
2025-06-06 04:05:12,575 - DroneBrain - DEBUG - Начало прослушивания...
2025-06-06 04:05:27,807 - DroneBrain - DEBUG - Начало прослушивания...
2025-06-06 04:05:43,551 - DroneBrain - DEBUG - Начало прослушивания...
2025-06-06 04:05:59,296 - DroneBrain - DEBUG - Начало прослушивания...
2025-06-06 04:06:15,597 - DroneBrain - DEBUG - Начало прослушивания...
2025-06-06 04:06:31,383 - DroneBrain - DEBUG - Начало прослушивания...
2025-06-06 04:06:47,127 - DroneBrain - DEBUG - Начало прослушивания...
2025-06-06 04:07:02,871 - DroneBrain - DEBUG - Начало прослушивания...
2025-06-06 04:07:18,658 - DroneBrain - DEBUG - Начало прослушивания...
2025-06-06 04:07:34,403 - DroneBrain - DEBUG - Начало прослушивания...
2025-06-06 04:07:50,149 - DroneBrain - DEBUG - Начало прослушивания...
2025-06-06 04:08:05,891 - DroneBrain - DEBUG - Начало прослушивания...
2025-06-06 04:08:21,636 - DroneBrain - DEBUG - Начало прослушивания...
2025-06-06 04:08:37,381 - DroneBrain - DEBUG - Начало прослушивания...
2025-06-06 04:08:53,127 - DroneBrain - DEBUG - Начало прослушивания...
2025-06-06 04:09:08,914 - DroneBrain - DEBUG - Начало прослушивания...
2025-06-06 04:09:24,699 - DroneBrain - DEBUG - Начало прослушивания...
2025-06-06 04:09:40,443 - DroneBrain - DEBUG - Начало прослушивания...
2025-06-06 04:09:56,188 - DroneBrain - DEBUG - Начало прослушивания...
2025-06-06 04:10:11,933 - DroneBrain - DEBUG - Начало прослушивания...
2025-06-06 04:10:27,679 - DroneBrain - DEBUG - Начало прослушивания...
2025-06-06 04:10:43,466 - DroneBrain - DEBUG - Начало прослушивания...
2025-06-06 04:10:59,253 - DroneBrain - DEBUG - Начало прослушивания...
2025-06-06 04:11:15,038 - DroneBrain - DEBUG - Начало прослушивания...
2025-06-06 04:11:30,783 - DroneBrain - DEBUG - Начало прослушивания...
2025-06-06 04:11:33,825 - DroneBrain - INFO - Распознано: с моим другом
2025-06-06 04:11:33,825 - DroneBrain - DEBUG - Запрос не содержит слово 'дрон'. Пропускаем.
2025-06-06 04:11:34,026 - DroneBrain - DEBUG - Начало прослушивания...
2025-06-06 04:11:38,050 - DroneBrain - INFO - Распознано: спасибо
2025-06-06 04:11:38,050 - DroneBrain - DEBUG - Запрос не содержит слово 'дрон'. Пропускаем.
2025-06-06 04:11:38,250 - DroneBrain - DEBUG - Начало прослушивания...
2025-06-06 04:11:43,767 - DroneBrain - INFO - Распознано: где
2025-06-06 04:11:43,767 - DroneBrain - DEBUG - Запрос не содержит слово 'дрон'. Пропускаем.
2025-06-06 04:11:43,967 - DroneBrain - DEBUG - Начало прослушивания...
2025-06-06 04:11:49,486 - DroneBrain - INFO - Распознано: тогда ты
2025-06-06 04:11:49,487 - DroneBrain - DEBUG - Запрос не содержит слово 'дрон'. Пропускаем.
2025-06-06 04:11:49,687 - DroneBrain - DEBUG - Начало прослушивания...
2025-06-06 04:11:56,738 - DroneBrain - INFO - Распознано: так нас посмотреть
2025-06-06 04:11:56,738 - DroneBrain - DEBUG - Запрос не содержит слово 'дрон'. Пропускаем.
2025-06-06 04:11:56,938 - DroneBrain - DEBUG - Начало прослушивания...
2025-06-06 04:12:12,725 - DroneBrain - DEBUG - Начало прослушивания...
2025-06-06 04:12:23,747 - DroneBrain - INFO - Распознано: так просто
2025-06-06 04:12:23,747 - DroneBrain - DEBUG - Запрос не содержит слово 'дрон'. Пропускаем.
2025-06-06 04:12:23,947 - DroneBrain - DEBUG - Начало прослушивания...
2025-06-06 04:12:39,691 - DroneBrain - DEBUG - Начало прослушивания...
2025-06-06 04:12:45,763 - DroneBrain - INFO - Распознано: учитель он пришёл
2025-06-06 04:12:45,764 - DroneBrain - DEBUG - Запрос не содержит слово 'дрон'. Пропускаем.
2025-06-06 04:12:45,964 - DroneBrain - DEBUG - Начало прослушивания...
2025-06-06 04:12:56,561 - DroneBrain - INFO - Распознано: марта
2025-06-06 04:12:56,561 - DroneBrain - DEBUG - Запрос не содержит слово 'дрон'. Пропускаем.
2025-06-06 04:12:56,762 - DroneBrain - DEBUG - Начало прослушивания...
2025-06-06 04:13:05,819 - DroneBrain - INFO - Распознано: не может быть подождём ещё он точно придёте
2025-06-06 04:13:05,819 - DroneBrain - DEBUG - Запрос не содержит слово 'дрон'. Пропускаем.
2025-06-06 04:13:06,020 - DroneBrain - DEBUG - Начало прослушивания...
2025-06-06 04:13:09,573 - DroneBrain - INFO - Распознано: ждал
2025-06-06 04:13:09,573 - DroneBrain - DEBUG - Запрос не содержит слово 'дрон'. Пропускаем.
2025-06-06 04:13:09,774 - DroneBrain - DEBUG - Начало прослушивания...
2025-06-06 04:13:11,366 - DroneBrain - INFO - Распознано: что-то
2025-06-06 04:13:11,367 - DroneBrain - DEBUG - Запрос не содержит слово 'дрон'. Пропускаем.
2025-06-06 04:13:11,567 - DroneBrain - DEBUG - Начало прослушивания...
2025-06-06 04:13:17,083 - DroneBrain - INFO - Распознано: выбор учителя зависит нет воды лет
2025-06-06 04:13:17,084 - DroneBrain - DEBUG - Запрос не содержит слово 'дрон'. Пропускаем.
2025-06-06 04:13:17,284 - DroneBrain - DEBUG - Начало прослушивания...
2025-06-06 04:13:19,814 - DroneBrain - INFO - Распознано: знаешь что важнее всего
2025-06-06 04:13:19,815 - DroneBrain - DEBUG - Запрос не содержит слово 'дрон'. Пропускаем.
2025-06-06 04:13:20,015 - DroneBrain - DEBUG - Начало прослушивания...
2025-06-06 04:13:26,044 - DroneBrain - INFO - Распознано: видимо присуждена взять одного ученика
2025-06-06 04:13:26,044 - DroneBrain - DEBUG - Запрос не содержит слово 'дрон'. Пропускаем.
2025-06-06 04:13:26,245 - DroneBrain - DEBUG - Начало прослушивания...
2025-06-06 04:13:30,820 - DroneBrain - INFO - Распознано: я бы ещё
2025-06-06 04:13:30,820 - DroneBrain - DEBUG - Запрос не содержит слово 'дрон'. Пропускаем.
2025-06-06 04:13:31,021 - DroneBrain - DEBUG - Начало прослушивания...
2025-06-06 04:13:46,765 - DroneBrain - DEBUG - Начало прослушивания...
2025-06-06 04:14:02,512 - DroneBrain - DEBUG - Начало прослушивания...
2025-06-06 04:14:18,054 - DroneBrain - INFO - Распознано: при себе забор
2025-06-06 04:14:18,054 - DroneBrain - DEBUG - Запрос не содержит слово 'дрон'. Пропускаем.
2025-06-06 04:14:18,254 - DroneBrain - DEBUG - Начало прослушивания...
2025-06-06 04:14:23,773 - DroneBrain - INFO - Распознано: здесь только его невеста четыре
2025-06-06 04:14:23,774 - DroneBrain - DEBUG - Запрос не содержит слово 'дрон'. Пропускаем.
2025-06-06 04:14:23,975 - DroneBrain - DEBUG - Начало прослушивания...
2025-06-06 04:14:39,761 - DroneBrain - DEBUG - Начало прослушивания...
2025-06-06 04:14:55,548 - DroneBrain - DEBUG - Начало прослушивания...
2025-06-06 04:15:11,290 - DroneBrain - DEBUG - Начало прослушивания...
2025-06-06 04:15:27,035 - DroneBrain - DEBUG - Начало прослушивания...
2025-06-06 04:15:42,780 - DroneBrain - DEBUG - Начало прослушивания...
2025-06-06 04:15:58,568 - DroneBrain - DEBUG - Начало прослушивания...
2025-06-06 04:16:14,311 - DroneBrain - DEBUG - Начало прослушивания...
2025-06-06 04:16:30,100 - DroneBrain - DEBUG - Начало прослушивания...
2025-06-06 04:16:45,887 - DroneBrain - DEBUG - Начало прослушивания...
2025-06-06 04:17:01,629 - DroneBrain - DEBUG - Начало прослушивания...
2025-06-06 04:17:17,373 - DroneBrain - DEBUG - Начало прослушивания...
2025-06-06 04:17:33,117 - DroneBrain - DEBUG - Начало прослушивания...
2025-06-06 04:17:48,864 - DroneBrain - DEBUG - Начало прослушивания...
2025-06-06 04:18:04,608 - DroneBrain - DEBUG - Начало прослушивания...
2025-06-06 04:18:20,350 - DroneBrain - DEBUG - Начало прослушивания...
2025-06-06 04:18:36,094 - DroneBrain - DEBUG - Начало прослушивания...
2025-06-06 04:18:51,841 - DroneBrain - DEBUG - Начало прослушивания...
2025-06-06 04:19:07,628 - DroneBrain - DEBUG - Начало прослушивания...
2025-06-06 04:19:23,415 - DroneBrain - DEBUG - Начало прослушивания...
2025-06-06 04:19:39,202 - DroneBrain - DEBUG - Начало прослушивания...
2025-06-06 04:19:54,988 - DroneBrain - DEBUG - Начало прослушивания...
2025-06-06 04:20:10,731 - DroneBrain - DEBUG - Начало прослушивания...
2025-06-06 04:20:26,475 - DroneBrain - DEBUG - Начало прослушивания...
2025-06-06 04:20:42,219 - DroneBrain - DEBUG - Начало прослушивания...
2025-06-06 04:20:58,008 - DroneBrain - DEBUG - Начало прослушивания...
2025-06-06 04:21:13,753 - DroneBrain - DEBUG - Начало прослушивания...
2025-06-06 04:21:29,540 - DroneBrain - DEBUG - Начало прослушивания...
2025-06-06 04:21:45,327 - DroneBrain - DEBUG - Начало прослушивания...
2025-06-06 04:22:00,559 - DroneBrain - DEBUG - Начало прослушивания...
2025-06-06 04:22:16,345 - DroneBrain - DEBUG - Начало прослушивания...
2025-06-06 04:22:32,132 - DroneBrain - DEBUG - Начало прослушивания...
2025-06-06 04:22:47,875 - DroneBrain - DEBUG - Начало прослушивания...
2025-06-06 04:23:03,619 - DroneBrain - DEBUG - Начало прослушивания...
2025-06-06 04:23:19,364 - DroneBrain - DEBUG - Начало прослушивания...
2025-06-06 04:23:35,154 - DroneBrain - DEBUG - Начало прослушивания...
2025-06-06 04:23:50,938 - DroneBrain - DEBUG - Начало прослушивания...
2025-06-06 04:24:06,684 - DroneBrain - DEBUG - Начало прослушивания...
2025-06-06 04:24:21,959 - DroneBrain - DEBUG - Начало прослушивания...
2025-06-06 04:24:37,703 - DroneBrain - DEBUG - Начало прослушивания...
2025-06-06 04:24:41,725 - DroneBrain - INFO - Распознано: и все
2025-06-06 04:24:41,725 - DroneBrain - DEBUG - Запрос не содержит слово 'дрон'. Пропускаем.
2025-06-06 04:24:41,926 - DroneBrain - DEBUG - Начало прослушивания...
2025-06-06 04:24:57,670 - DroneBrain - DEBUG - Начало прослушивания...
2025-06-06 04:25:13,414 - DroneBrain - DEBUG - Начало прослушивания...
2025-06-06 04:25:26,955 - DroneBrain - INFO - Распознано: что знать
2025-06-06 04:25:26,955 - DroneBrain - DEBUG - Запрос не содержит слово 'дрон'. Пропускаем.
2025-06-06 04:25:27,156 - DroneBrain - DEBUG - Начало прослушивания...
2025-06-06 04:25:42,699 - DroneBrain - INFO - Распознано: мне пора
2025-06-06 04:25:42,699 - DroneBrain - DEBUG - Запрос не содержит слово 'дрон'. Пропускаем.
2025-06-06 04:25:42,900 - DroneBrain - DEBUG - Начало прослушивания...
2025-06-06 04:25:46,453 - DroneBrain - INFO - Распознано: здесь резать спасибо тебе за помощь
2025-06-06 04:25:46,453 - DroneBrain - DEBUG - Запрос не содержит слово 'дрон'. Пропускаем.
2025-06-06 04:25:46,653 - DroneBrain - DEBUG - Начало прослушивания...
2025-06-06 04:25:48,204 - DroneBrain - INFO - Распознано: мир
2025-06-06 04:25:48,204 - DroneBrain - DEBUG - Запрос не содержит слово 'дрон'. Пропускаем.
2025-06-06 04:25:48,404 - DroneBrain - DEBUG - Начало прослушивания...
2025-06-06 04:26:04,146 - DroneBrain - DEBUG - Начало прослушивания...
2025-06-06 04:26:19,893 - DroneBrain - DEBUG - Начало прослушивания...
2025-06-06 04:26:35,677 - DroneBrain - DEBUG - Начало прослушивания...
2025-06-06 04:26:51,424 - DroneBrain - DEBUG - Начало прослушивания...
2025-06-06 04:27:07,211 - DroneBrain - DEBUG - Начало прослушивания...
2025-06-06 04:27:22,998 - DroneBrain - DEBUG - Начало прослушивания...
2025-06-06 04:27:38,742 - DroneBrain - DEBUG - Начало прослушивания...
2025-06-06 04:27:54,530 - DroneBrain - DEBUG - Начало прослушивания...
2025-06-06 04:28:10,314 - DroneBrain - DEBUG - Начало прослушивания...
2025-06-06 04:28:26,104 - DroneBrain - DEBUG - Начало прослушивания...
2025-06-06 04:28:41,891 - DroneBrain - DEBUG - Начало прослушивания...
2025-06-06 04:28:57,635 - DroneBrain - DEBUG - Начало прослушивания...
